{"contracts/adapters/YearnVaultAdapter.sol":{"l":{"33":15,"34":15,"35":15,"36":15,"41":4,"42":4,"49":21,"56":8,"63":6,"73":4,"78":15,"79":15,"89":8,"98":4},"path":"/Users/patrickmckelvy/code/defi/os/alchemix/alchemix-protocol/contracts/adapters/YearnVaultAdapter.sol","s":{"1":15,"2":15,"3":15,"4":15,"5":4,"6":21,"7":8,"8":6,"9":4,"10":15,"11":15,"12":8,"13":4},"b":{"1":[4,0]},"f":{"1":15,"2":4,"3":21,"4":8,"5":6,"6":4,"7":15,"8":8,"9":4},"fnMap":{"1":{"name":"constructor","line":32,"loc":{"start":{"line":32,"column":2},"end":{"line":37,"column":2}}},"2":{"name":"onlyAdmin","line":40,"loc":{"start":{"line":40,"column":2},"end":{"line":43,"column":2}}},"3":{"name":"token","line":48,"loc":{"start":{"line":48,"column":2},"end":{"line":50,"column":2}}},"4":{"name":"totalValue","line":55,"loc":{"start":{"line":55,"column":2},"end":{"line":57,"column":2}}},"5":{"name":"deposit","line":62,"loc":{"start":{"line":62,"column":2},"end":{"line":64,"column":2}}},"6":{"name":"withdraw","line":72,"loc":{"start":{"line":72,"column":2},"end":{"line":74,"column":2}}},"7":{"name":"updateApproval","line":77,"loc":{"start":{"line":77,"column":2},"end":{"line":80,"column":2}}},"8":{"name":"_sharesToTokens","line":88,"loc":{"start":{"line":88,"column":2},"end":{"line":90,"column":2}}},"9":{"name":"_tokensToShares","line":97,"loc":{"start":{"line":97,"column":2},"end":{"line":99,"column":2}}}},"statementMap":{"1":{"start":{"line":33,"column":4},"end":{"line":33,"column":17}},"2":{"start":{"line":34,"column":4},"end":{"line":34,"column":17}},"3":{"start":{"line":35,"column":4},"end":{"line":35,"column":19}},"4":{"start":{"line":36,"column":4},"end":{"line":36,"column":31}},"5":{"start":{"line":41,"column":4},"end":{"line":41,"column":64}},"6":{"start":{"line":49,"column":4},"end":{"line":49,"column":40}},"7":{"start":{"line":56,"column":4},"end":{"line":56,"column":58}},"8":{"start":{"line":63,"column":4},"end":{"line":63,"column":25}},"9":{"start":{"line":73,"column":4},"end":{"line":73,"column":54}},"10":{"start":{"line":78,"column":4},"end":{"line":78,"column":34}},"11":{"start":{"line":79,"column":4},"end":{"line":79,"column":66}},"12":{"start":{"line":89,"column":4},"end":{"line":89,"column":69}},"13":{"start":{"line":98,"column":4},"end":{"line":98,"column":69}}},"branchMap":{"1":{"line":41,"type":"if","locations":[{"start":{"line":41,"column":4},"end":{"line":41,"column":4}},{"start":{"line":41,"column":4},"end":{"line":41,"column":4}}]}}},"contracts/Alchemist.sol":{"l":{"210":277,"211":276,"213":276,"214":276,"215":276,"216":276,"217":276,"220":276,"221":276,"222":276,"233":1,"235":0,"237":0,"244":0,"245":0,"246":0,"248":0,"253":0,"255":0,"257":0,"269":122,"271":121,"273":121,"279":0,"292":79,"294":78,"296":78,"308":78,"310":77,"312":77,"323":53,"324":52,"326":51,"328":51,"332":0,"333":0,"339":3,"341":3,"343":3,"352":1,"362":75,"364":75,"365":75,"367":75,"369":75,"380":8,"390":3,"392":3,"394":3,"395":2,"396":2,"398":2,"399":2,"401":2,"402":2,"405":2,"406":2,"412":3,"414":3,"424":3,"433":5,"434":5,"447":16,"449":16,"460":19,"461":19,"463":19,"465":19,"476":127,"478":127,"479":127,"481":127,"482":127,"483":1,"485":127,"487":127,"488":127,"490":127,"501":7,"502":7,"504":7,"506":7,"508":6,"509":6,"510":5,"511":1,"513":5,"515":5,"523":5,"524":5,"526":5,"527":3,"528":3,"531":4,"532":3,"534":3,"537":4,"538":4,"540":4,"547":4,"548":4,"551":4,"552":1,"554":4,"556":4,"558":4,"559":4,"560":4,"562":4,"574":97,"575":97,"577":97,"579":97,"580":97,"581":97,"582":97,"584":97,"586":0,"589":96,"590":93,"591":1,"599":1,"608":1,"609":1,"618":0,"619":0,"628":2,"629":2,"638":3,"639":3,"648":0,"649":0,"658":0,"659":0,"665":9,"666":9,"668":9,"674":106,"675":0,"676":0,"678":106,"684":240,"685":240,"691":277,"692":276,"699":0,"706":422,"707":416,"716":83,"717":82,"719":81,"724":81,"734":8,"736":7,"737":7,"739":7,"741":7,"754":11,"756":11,"757":7,"760":11,"761":11,"763":11,"766":11,"767":2,"768":2,"773":1,"774":1,"777":10,"779":10},"path":"/Users/patrickmckelvy/code/defi/os/alchemix/alchemix-protocol/contracts/Alchemist.sol","s":{"1":277,"2":276,"3":276,"4":276,"5":276,"6":276,"7":276,"8":276,"9":276,"10":276,"11":1,"12":0,"13":0,"14":0,"15":0,"16":0,"17":0,"18":0,"19":0,"20":0,"21":122,"22":121,"23":121,"24":0,"25":79,"26":78,"27":78,"28":78,"29":77,"30":77,"31":53,"32":52,"33":51,"34":51,"35":0,"36":0,"37":3,"38":3,"39":3,"40":1,"41":75,"42":75,"43":75,"44":75,"45":75,"46":8,"47":3,"48":3,"49":3,"50":2,"51":2,"52":2,"53":2,"54":2,"55":2,"56":2,"57":2,"58":3,"59":3,"60":3,"61":5,"62":5,"63":16,"64":16,"65":19,"66":19,"67":19,"68":19,"69":127,"70":127,"71":127,"72":127,"73":127,"74":1,"75":127,"76":127,"77":127,"78":127,"79":7,"80":7,"81":7,"82":7,"83":6,"84":6,"85":5,"86":1,"87":5,"88":5,"89":5,"90":5,"91":5,"92":3,"93":3,"94":4,"95":3,"96":3,"97":4,"98":4,"99":4,"100":4,"101":4,"102":4,"103":1,"104":4,"105":4,"106":4,"107":4,"108":4,"109":4,"110":97,"111":97,"112":97,"113":97,"114":97,"115":97,"116":97,"117":97,"118":0,"119":96,"120":93,"121":1,"122":1,"123":1,"124":1,"125":0,"126":0,"127":2,"128":2,"129":3,"130":3,"131":0,"132":0,"133":0,"134":0,"135":9,"136":9,"137":9,"138":106,"139":0,"140":0,"141":240,"142":277,"143":0,"144":422,"145":83,"146":82,"147":81,"148":81,"149":8,"150":7,"151":7,"152":7,"153":7,"154":11,"155":11,"156":7,"157":11,"158":11,"159":11,"160":11,"161":2,"162":2,"163":1,"164":1,"165":10,"166":10},"b":{"1":[276,1],"2":[276,0],"3":[0,1],"4":[0,0],"5":[0,0],"6":[121,1],"7":[78,1],"8":[77,1],"9":[52,1],"10":[51,1],"11":[3,0],"12":[75,0],"13":[75,0],"14":[75,0],"15":[2,1],"16":[2,0],"17":[2,0],"18":[16,0],"19":[127,0],"20":[1,126],"21":[7,0],"22":[1,4],"23":[3,2],"24":[3,1],"25":[1,3],"26":[97,0],"27":[1,92],"28":[0,106],"29":[0,0],"30":[240,0],"31":[276,1],"32":[0,0],"33":[416,6],"34":[82,1],"35":[81,1],"36":[7,1],"37":[7,4],"38":[2,9]},"f":{"1":277,"2":1,"3":0,"4":0,"5":122,"6":0,"7":79,"8":78,"9":53,"10":0,"11":3,"12":1,"13":75,"14":8,"15":3,"16":3,"17":5,"18":16,"19":19,"20":127,"21":7,"22":5,"23":4,"24":97,"25":1,"26":1,"27":0,"28":2,"29":3,"30":0,"31":0,"32":9,"33":106,"34":240,"35":277,"36":0,"37":422,"38":83,"39":8,"40":11},"fnMap":{"1":{"name":"constructor","line":198,"loc":{"start":{"line":198,"column":2},"end":{"line":223,"column":2}}},"2":{"name":"setPendingGovernance","line":232,"loc":{"start":{"line":232,"column":2},"end":{"line":238,"column":2}}},"3":{"name":"acceptGovernance","line":243,"loc":{"start":{"line":243,"column":2},"end":{"line":249,"column":2}}},"4":{"name":"setSentinel","line":251,"loc":{"start":{"line":251,"column":2},"end":{"line":258,"column":2}}},"5":{"name":"setTransmuter","line":265,"loc":{"start":{"line":265,"column":2},"end":{"line":274,"column":2}}},"6":{"name":"setFlushActivator","line":278,"loc":{"start":{"line":278,"column":2},"end":{"line":281,"column":2}}},"7":{"name":"setRewards","line":288,"loc":{"start":{"line":288,"column":2},"end":{"line":297,"column":2}}},"8":{"name":"setHarvestFee","line":304,"loc":{"start":{"line":304,"column":2},"end":{"line":313,"column":2}}},"9":{"name":"setCollateralizationLimit","line":321,"loc":{"start":{"line":321,"column":2},"end":{"line":329,"column":2}}},"10":{"name":"setOracleAddress","line":331,"loc":{"start":{"line":331,"column":2},"end":{"line":334,"column":2}}},"11":{"name":"setEmergencyExit","line":338,"loc":{"start":{"line":338,"column":2},"end":{"line":344,"column":2}}},"12":{"name":"collateralizationLimit","line":351,"loc":{"start":{"line":351,"column":2},"end":{"line":353,"column":2}}},"13":{"name":"initialize","line":360,"loc":{"start":{"line":360,"column":2},"end":{"line":370,"column":2}}},"14":{"name":"migrate","line":378,"loc":{"start":{"line":378,"column":2},"end":{"line":381,"column":2}}},"15":{"name":"harvest","line":388,"loc":{"start":{"line":388,"column":2},"end":{"line":415,"column":2}}},"16":{"name":"recall","line":422,"loc":{"start":{"line":422,"column":2},"end":{"line":425,"column":2}}},"17":{"name":"recallAll","line":432,"loc":{"start":{"line":432,"column":2},"end":{"line":435,"column":2}}},"18":{"name":"flush","line":443,"loc":{"start":{"line":443,"column":2},"end":{"line":450,"column":2}}},"19":{"name":"flushActiveVault","line":458,"loc":{"start":{"line":458,"column":2},"end":{"line":466,"column":2}}},"20":{"name":"deposit","line":474,"loc":{"start":{"line":474,"column":2},"end":{"line":491,"column":2}}},"21":{"name":"withdraw","line":499,"loc":{"start":{"line":499,"column":2},"end":{"line":516,"column":2}}},"22":{"name":"repay","line":521,"loc":{"start":{"line":521,"column":2},"end":{"line":541,"column":2}}},"23":{"name":"liquidate","line":546,"loc":{"start":{"line":546,"column":2},"end":{"line":563,"column":2}}},"24":{"name":"mint","line":572,"loc":{"start":{"line":572,"column":2},"end":{"line":593,"column":2}}},"25":{"name":"vaultCount","line":598,"loc":{"start":{"line":598,"column":2},"end":{"line":600,"column":2}}},"26":{"name":"getVaultAdapter","line":607,"loc":{"start":{"line":607,"column":2},"end":{"line":610,"column":2}}},"27":{"name":"getVaultTotalDeposited","line":617,"loc":{"start":{"line":617,"column":2},"end":{"line":620,"column":2}}},"28":{"name":"getCdpTotalDeposited","line":627,"loc":{"start":{"line":627,"column":2},"end":{"line":630,"column":2}}},"29":{"name":"getCdpTotalDebt","line":637,"loc":{"start":{"line":637,"column":2},"end":{"line":640,"column":2}}},"30":{"name":"getCdpTotalCredit","line":647,"loc":{"start":{"line":647,"column":2},"end":{"line":650,"column":2}}},"31":{"name":"getCdpLastDeposit","line":657,"loc":{"start":{"line":657,"column":2},"end":{"line":660,"column":2}}},"32":{"name":"_distributeToTransmuter","line":664,"loc":{"start":{"line":664,"column":2},"end":{"line":669,"column":2}}},"33":{"name":"onLinkCheck","line":673,"loc":{"start":{"line":673,"column":2},"end":{"line":679,"column":2}}},"34":{"name":"noContractAllowed","line":683,"loc":{"start":{"line":683,"column":2},"end":{"line":686,"column":2}}},"35":{"name":"expectInitialized","line":690,"loc":{"start":{"line":690,"column":2},"end":{"line":693,"column":2}}},"36":{"name":"_expectCaller","line":698,"loc":{"start":{"line":698,"column":2},"end":{"line":700,"column":2}}},"37":{"name":"onlyGov","line":705,"loc":{"start":{"line":705,"column":2},"end":{"line":708,"column":2}}},"38":{"name":"_updateActiveVault","line":715,"loc":{"start":{"line":715,"column":2},"end":{"line":725,"column":2}}},"39":{"name":"_recallFunds","line":733,"loc":{"start":{"line":733,"column":2},"end":{"line":742,"column":2}}},"40":{"name":"_withdrawFundsTo","line":752,"loc":{"start":{"line":752,"column":2},"end":{"line":780,"column":2}}}},"statementMap":{"1":{"start":{"line":210,"column":4},"end":{"line":210,"column":87}},"2":{"start":{"line":211,"column":4},"end":{"line":211,"column":83}},"3":{"start":{"line":213,"column":4},"end":{"line":213,"column":17}},"4":{"start":{"line":214,"column":4},"end":{"line":214,"column":19}},"5":{"start":{"line":215,"column":4},"end":{"line":215,"column":27}},"6":{"start":{"line":216,"column":4},"end":{"line":216,"column":23}},"7":{"start":{"line":217,"column":4},"end":{"line":217,"column":32}},"8":{"start":{"line":220,"column":4},"end":{"line":220,"column":63}},"9":{"start":{"line":221,"column":4},"end":{"line":221,"column":68}},"10":{"start":{"line":222,"column":4},"end":{"line":222,"column":59}},"11":{"start":{"line":233,"column":4},"end":{"line":233,"column":94}},"12":{"start":{"line":235,"column":4},"end":{"line":235,"column":41}},"13":{"start":{"line":237,"column":4},"end":{"line":237,"column":53}},"14":{"start":{"line":244,"column":4},"end":{"line":244,"column":77}},"15":{"start":{"line":245,"column":4},"end":{"line":245,"column":50}},"16":{"start":{"line":246,"column":4},"end":{"line":246,"column":34}},"17":{"start":{"line":248,"column":4},"end":{"line":248,"column":46}},"18":{"start":{"line":253,"column":4},"end":{"line":253,"column":83}},"19":{"start":{"line":255,"column":4},"end":{"line":255,"column":23}},"20":{"start":{"line":257,"column":4},"end":{"line":257,"column":35}},"21":{"start":{"line":269,"column":4},"end":{"line":269,"column":87}},"22":{"start":{"line":271,"column":4},"end":{"line":271,"column":27}},"23":{"start":{"line":273,"column":4},"end":{"line":273,"column":39}},"24":{"start":{"line":279,"column":4},"end":{"line":279,"column":35}},"25":{"start":{"line":292,"column":4},"end":{"line":292,"column":81}},"26":{"start":{"line":294,"column":4},"end":{"line":294,"column":21}},"27":{"start":{"line":296,"column":4},"end":{"line":296,"column":33}},"28":{"start":{"line":308,"column":4},"end":{"line":308,"column":86}},"29":{"start":{"line":310,"column":4},"end":{"line":310,"column":27}},"30":{"start":{"line":312,"column":4},"end":{"line":312,"column":39}},"31":{"start":{"line":323,"column":4},"end":{"line":323,"column":106}},"32":{"start":{"line":324,"column":4},"end":{"line":324,"column":106}},"33":{"start":{"line":326,"column":4},"end":{"line":326,"column":64}},"34":{"start":{"line":328,"column":4},"end":{"line":328,"column":46}},"35":{"start":{"line":332,"column":4},"end":{"line":332,"column":26}},"36":{"start":{"line":333,"column":4},"end":{"line":333,"column":19}},"37":{"start":{"line":339,"column":4},"end":{"line":339,"column":66}},"38":{"start":{"line":341,"column":4},"end":{"line":341,"column":33}},"39":{"start":{"line":343,"column":4},"end":{"line":343,"column":45}},"40":{"start":{"line":352,"column":4},"end":{"line":352,"column":38}},"41":{"start":{"line":362,"column":4},"end":{"line":362,"column":58}},"42":{"start":{"line":364,"column":4},"end":{"line":364,"column":96}},"43":{"start":{"line":365,"column":4},"end":{"line":365,"column":90}},"44":{"start":{"line":367,"column":4},"end":{"line":367,"column":31}},"45":{"start":{"line":369,"column":4},"end":{"line":369,"column":21}},"46":{"start":{"line":380,"column":4},"end":{"line":380,"column":31}},"47":{"start":{"line":390,"column":4},"end":{"line":390,"column":53}},"48":{"start":{"line":392,"column":4},"end":{"line":392,"column":87}},"49":{"start":{"line":394,"column":4},"end":{"line":394,"column":14411}},"50":{"start":{"line":395,"column":6},"end":{"line":395,"column":83}},"51":{"start":{"line":396,"column":6},"end":{"line":396,"column":66}},"52":{"start":{"line":398,"column":6},"end":{"line":398,"column":109}},"53":{"start":{"line":399,"column":6},"end":{"line":399,"column":75}},"54":{"start":{"line":401,"column":6},"end":{"line":401,"column":14791}},"55":{"start":{"line":402,"column":8},"end":{"line":402,"column":46}},"56":{"start":{"line":405,"column":6},"end":{"line":405,"column":14877}},"57":{"start":{"line":406,"column":8},"end":{"line":406,"column":49}},"58":{"start":{"line":412,"column":4},"end":{"line":412,"column":58}},"59":{"start":{"line":414,"column":4},"end":{"line":414,"column":46}},"60":{"start":{"line":424,"column":4},"end":{"line":424,"column":42}},"61":{"start":{"line":433,"column":4},"end":{"line":433,"column":53}},"62":{"start":{"line":434,"column":4},"end":{"line":434,"column":56}},"63":{"start":{"line":447,"column":4},"end":{"line":447,"column":53}},"64":{"start":{"line":449,"column":4},"end":{"line":449,"column":29}},"65":{"start":{"line":460,"column":4},"end":{"line":460,"column":52}},"66":{"start":{"line":461,"column":4},"end":{"line":461,"column":56}},"67":{"start":{"line":463,"column":4},"end":{"line":463,"column":39}},"68":{"start":{"line":465,"column":4},"end":{"line":465,"column":27}},"69":{"start":{"line":476,"column":4},"end":{"line":476,"column":53}},"70":{"start":{"line":478,"column":4},"end":{"line":478,"column":45}},"71":{"start":{"line":479,"column":4},"end":{"line":479,"column":20}},"72":{"start":{"line":481,"column":4},"end":{"line":481,"column":61}},"73":{"start":{"line":482,"column":4},"end":{"line":482,"column":17796}},"74":{"start":{"line":483,"column":6},"end":{"line":483,"column":23}},"75":{"start":{"line":485,"column":4},"end":{"line":485,"column":47}},"76":{"start":{"line":487,"column":4},"end":{"line":487,"column":57}},"77":{"start":{"line":488,"column":4},"end":{"line":488,"column":34}},"78":{"start":{"line":490,"column":4},"end":{"line":490,"column":45}},"79":{"start":{"line":501,"column":4},"end":{"line":501,"column":45}},"80":{"start":{"line":502,"column":4},"end":{"line":502,"column":47}},"81":{"start":{"line":504,"column":4},"end":{"line":504,"column":20}},"82":{"start":{"line":506,"column":4},"end":{"line":506,"column":95}},"83":{"start":{"line":508,"column":4},"end":{"line":508,"column":96}},"84":{"start":{"line":509,"column":4},"end":{"line":509,"column":78}},"85":{"start":{"line":510,"column":4},"end":{"line":510,"column":18886}},"86":{"start":{"line":511,"column":6},"end":{"line":511,"column":23}},"87":{"start":{"line":513,"column":4},"end":{"line":513,"column":80}},"88":{"start":{"line":515,"column":4},"end":{"line":515,"column":46}},"89":{"start":{"line":523,"column":4},"end":{"line":523,"column":45}},"90":{"start":{"line":524,"column":4},"end":{"line":524,"column":20}},"91":{"start":{"line":526,"column":4},"end":{"line":526,"column":19440}},"92":{"start":{"line":527,"column":6},"end":{"line":527,"column":69}},"93":{"start":{"line":528,"column":6},"end":{"line":528,"column":43}},"94":{"start":{"line":531,"column":4},"end":{"line":531,"column":19594}},"95":{"start":{"line":532,"column":6},"end":{"line":532,"column":46}},"96":{"start":{"line":534,"column":6},"end":{"line":534,"column":40}},"97":{"start":{"line":537,"column":4},"end":{"line":537,"column":58}},"98":{"start":{"line":538,"column":4},"end":{"line":538,"column":56}},"99":{"start":{"line":540,"column":4},"end":{"line":540,"column":62}},"100":{"start":{"line":547,"column":4},"end":{"line":547,"column":45}},"101":{"start":{"line":548,"column":4},"end":{"line":548,"column":20}},"102":{"start":{"line":551,"column":4},"end":{"line":551,"column":20367}},"103":{"start":{"line":552,"column":6},"end":{"line":552,"column":29}},"104":{"start":{"line":554,"column":4},"end":{"line":554,"column":98}},"105":{"start":{"line":556,"column":4},"end":{"line":556,"column":44}},"106":{"start":{"line":558,"column":4},"end":{"line":558,"column":69}},"107":{"start":{"line":559,"column":4},"end":{"line":559,"column":60}},"108":{"start":{"line":560,"column":4},"end":{"line":560,"column":81}},"109":{"start":{"line":562,"column":4},"end":{"line":562,"column":46}},"110":{"start":{"line":574,"column":4},"end":{"line":574,"column":45}},"111":{"start":{"line":575,"column":4},"end":{"line":575,"column":20}},"112":{"start":{"line":577,"column":4},"end":{"line":577,"column":43}},"113":{"start":{"line":579,"column":4},"end":{"line":579,"column":21446}},"114":{"start":{"line":580,"column":6},"end":{"line":580,"column":58}},"115":{"start":{"line":581,"column":6},"end":{"line":581,"column":58}},"116":{"start":{"line":582,"column":6},"end":{"line":582,"column":25}},"117":{"start":{"line":584,"column":6},"end":{"line":584,"column":70}},"118":{"start":{"line":586,"column":6},"end":{"line":586,"column":49}},"119":{"start":{"line":589,"column":4},"end":{"line":589,"column":35}},"120":{"start":{"line":590,"column":4},"end":{"line":590,"column":21813}},"121":{"start":{"line":591,"column":6},"end":{"line":591,"column":23}},"122":{"start":{"line":599,"column":4},"end":{"line":599,"column":27}},"123":{"start":{"line":608,"column":4},"end":{"line":608,"column":53}},"124":{"start":{"line":609,"column":4},"end":{"line":609,"column":25}},"125":{"start":{"line":618,"column":4},"end":{"line":618,"column":53}},"126":{"start":{"line":619,"column":4},"end":{"line":619,"column":32}},"127":{"start":{"line":628,"column":4},"end":{"line":628,"column":43}},"128":{"start":{"line":629,"column":4},"end":{"line":629,"column":30}},"129":{"start":{"line":638,"column":4},"end":{"line":638,"column":43}},"130":{"start":{"line":639,"column":4},"end":{"line":639,"column":41}},"131":{"start":{"line":648,"column":4},"end":{"line":648,"column":43}},"132":{"start":{"line":649,"column":4},"end":{"line":649,"column":43}},"133":{"start":{"line":658,"column":4},"end":{"line":658,"column":43}},"134":{"start":{"line":659,"column":4},"end":{"line":659,"column":27}},"135":{"start":{"line":665,"column":8},"end":{"line":665,"column":39}},"136":{"start":{"line":666,"column":8},"end":{"line":666,"column":63}},"137":{"start":{"line":668,"column":8},"end":{"line":668,"column":36}},"138":{"start":{"line":674,"column":4},"end":{"line":674,"column":24676}},"139":{"start":{"line":675,"column":6},"end":{"line":675,"column":79}},"140":{"start":{"line":676,"column":6},"end":{"line":676,"column":61}},"141":{"start":{"line":684,"column":4},"end":{"line":684,"column":108}},"142":{"start":{"line":691,"column":4},"end":{"line":691,"column":54}},"143":{"start":{"line":699,"column":4},"end":{"line":699,"column":45}},"144":{"start":{"line":706,"column":4},"end":{"line":706,"column":67}},"145":{"start":{"line":716,"column":4},"end":{"line":716,"column":101}},"146":{"start":{"line":717,"column":4},"end":{"line":717,"column":67}},"147":{"start":{"line":719,"column":4},"end":{"line":719,"column":26409}},"148":{"start":{"line":724,"column":4},"end":{"line":724,"column":37}},"149":{"start":{"line":734,"column":4},"end":{"line":734,"column":204}},"150":{"start":{"line":736,"column":4},"end":{"line":736,"column":53}},"151":{"start":{"line":737,"column":4},"end":{"line":737,"column":97}},"152":{"start":{"line":739,"column":4},"end":{"line":739,"column":67}},"153":{"start":{"line":741,"column":4},"end":{"line":741,"column":46}},"154":{"start":{"line":754,"column":4},"end":{"line":754,"column":79}},"155":{"start":{"line":756,"column":4},"end":{"line":756,"column":28131}},"156":{"start":{"line":757,"column":6},"end":{"line":757,"column":52}},"157":{"start":{"line":760,"column":4},"end":{"line":760,"column":45}},"158":{"start":{"line":761,"column":4},"end":{"line":761,"column":50}},"159":{"start":{"line":763,"column":4},"end":{"line":763,"column":59}},"160":{"start":{"line":766,"column":4},"end":{"line":766,"column":28449}},"161":{"start":{"line":767,"column":6},"end":{"line":767,"column":54}},"162":{"start":{"line":768,"column":6},"end":{"line":768,"column":28542}},"163":{"start":{"line":773,"column":6},"end":{"line":773,"column":59}},"164":{"start":{"line":774,"column":6},"end":{"line":774,"column":69}},"165":{"start":{"line":777,"column":4},"end":{"line":777,"column":60}},"166":{"start":{"line":779,"column":4},"end":{"line":779,"column":50}}},"branchMap":{"1":{"line":210,"type":"if","locations":[{"start":{"line":210,"column":4},"end":{"line":210,"column":4}},{"start":{"line":210,"column":4},"end":{"line":210,"column":4}}]},"2":{"line":211,"type":"if","locations":[{"start":{"line":211,"column":4},"end":{"line":211,"column":4}},{"start":{"line":211,"column":4},"end":{"line":211,"column":4}}]},"3":{"line":233,"type":"if","locations":[{"start":{"line":233,"column":4},"end":{"line":233,"column":4}},{"start":{"line":233,"column":4},"end":{"line":233,"column":4}}]},"4":{"line":244,"type":"if","locations":[{"start":{"line":244,"column":4},"end":{"line":244,"column":4}},{"start":{"line":244,"column":4},"end":{"line":244,"column":4}}]},"5":{"line":253,"type":"if","locations":[{"start":{"line":253,"column":4},"end":{"line":253,"column":4}},{"start":{"line":253,"column":4},"end":{"line":253,"column":4}}]},"6":{"line":269,"type":"if","locations":[{"start":{"line":269,"column":4},"end":{"line":269,"column":4}},{"start":{"line":269,"column":4},"end":{"line":269,"column":4}}]},"7":{"line":292,"type":"if","locations":[{"start":{"line":292,"column":4},"end":{"line":292,"column":4}},{"start":{"line":292,"column":4},"end":{"line":292,"column":4}}]},"8":{"line":308,"type":"if","locations":[{"start":{"line":308,"column":4},"end":{"line":308,"column":4}},{"start":{"line":308,"column":4},"end":{"line":308,"column":4}}]},"9":{"line":323,"type":"if","locations":[{"start":{"line":323,"column":4},"end":{"line":323,"column":4}},{"start":{"line":323,"column":4},"end":{"line":323,"column":4}}]},"10":{"line":324,"type":"if","locations":[{"start":{"line":324,"column":4},"end":{"line":324,"column":4}},{"start":{"line":324,"column":4},"end":{"line":324,"column":4}}]},"11":{"line":339,"type":"if","locations":[{"start":{"line":339,"column":4},"end":{"line":339,"column":4}},{"start":{"line":339,"column":4},"end":{"line":339,"column":4}}]},"12":{"line":362,"type":"if","locations":[{"start":{"line":362,"column":4},"end":{"line":362,"column":4}},{"start":{"line":362,"column":4},"end":{"line":362,"column":4}}]},"13":{"line":364,"type":"if","locations":[{"start":{"line":364,"column":4},"end":{"line":364,"column":4}},{"start":{"line":364,"column":4},"end":{"line":364,"column":4}}]},"14":{"line":365,"type":"if","locations":[{"start":{"line":365,"column":4},"end":{"line":365,"column":4}},{"start":{"line":365,"column":4},"end":{"line":365,"column":4}}]},"15":{"line":394,"type":"if","locations":[{"start":{"line":394,"column":4},"end":{"line":394,"column":4}},{"start":{"line":394,"column":4},"end":{"line":394,"column":4}}]},"16":{"line":401,"type":"if","locations":[{"start":{"line":401,"column":6},"end":{"line":401,"column":6}},{"start":{"line":401,"column":6},"end":{"line":401,"column":6}}]},"17":{"line":405,"type":"if","locations":[{"start":{"line":405,"column":6},"end":{"line":405,"column":6}},{"start":{"line":405,"column":6},"end":{"line":405,"column":6}}]},"18":{"line":447,"type":"if","locations":[{"start":{"line":447,"column":4},"end":{"line":447,"column":4}},{"start":{"line":447,"column":4},"end":{"line":447,"column":4}}]},"19":{"line":476,"type":"if","locations":[{"start":{"line":476,"column":4},"end":{"line":476,"column":4}},{"start":{"line":476,"column":4},"end":{"line":476,"column":4}}]},"20":{"line":482,"type":"if","locations":[{"start":{"line":482,"column":4},"end":{"line":482,"column":4}},{"start":{"line":482,"column":4},"end":{"line":482,"column":4}}]},"21":{"line":502,"type":"if","locations":[{"start":{"line":502,"column":4},"end":{"line":502,"column":4}},{"start":{"line":502,"column":4},"end":{"line":502,"column":4}}]},"22":{"line":510,"type":"if","locations":[{"start":{"line":510,"column":4},"end":{"line":510,"column":4}},{"start":{"line":510,"column":4},"end":{"line":510,"column":4}}]},"23":{"line":526,"type":"if","locations":[{"start":{"line":526,"column":4},"end":{"line":526,"column":4}},{"start":{"line":526,"column":4},"end":{"line":526,"column":4}}]},"24":{"line":531,"type":"if","locations":[{"start":{"line":531,"column":4},"end":{"line":531,"column":4}},{"start":{"line":531,"column":4},"end":{"line":531,"column":4}}]},"25":{"line":551,"type":"if","locations":[{"start":{"line":551,"column":4},"end":{"line":551,"column":4}},{"start":{"line":551,"column":4},"end":{"line":551,"column":4}}]},"26":{"line":579,"type":"if","locations":[{"start":{"line":579,"column":4},"end":{"line":579,"column":4}},{"start":{"line":579,"column":4},"end":{"line":579,"column":4}}]},"27":{"line":590,"type":"if","locations":[{"start":{"line":590,"column":4},"end":{"line":590,"column":4}},{"start":{"line":590,"column":4},"end":{"line":590,"column":4}}]},"28":{"line":674,"type":"if","locations":[{"start":{"line":674,"column":4},"end":{"line":674,"column":4}},{"start":{"line":674,"column":4},"end":{"line":674,"column":4}}]},"29":{"line":676,"type":"if","locations":[{"start":{"line":676,"column":6},"end":{"line":676,"column":6}},{"start":{"line":676,"column":6},"end":{"line":676,"column":6}}]},"30":{"line":684,"type":"if","locations":[{"start":{"line":684,"column":4},"end":{"line":684,"column":4}},{"start":{"line":684,"column":4},"end":{"line":684,"column":4}}]},"31":{"line":691,"type":"if","locations":[{"start":{"line":691,"column":4},"end":{"line":691,"column":4}},{"start":{"line":691,"column":4},"end":{"line":691,"column":4}}]},"32":{"line":699,"type":"if","locations":[{"start":{"line":699,"column":4},"end":{"line":699,"column":4}},{"start":{"line":699,"column":4},"end":{"line":699,"column":4}}]},"33":{"line":706,"type":"if","locations":[{"start":{"line":706,"column":4},"end":{"line":706,"column":4}},{"start":{"line":706,"column":4},"end":{"line":706,"column":4}}]},"34":{"line":716,"type":"if","locations":[{"start":{"line":716,"column":4},"end":{"line":716,"column":4}},{"start":{"line":716,"column":4},"end":{"line":716,"column":4}}]},"35":{"line":717,"type":"if","locations":[{"start":{"line":717,"column":4},"end":{"line":717,"column":4}},{"start":{"line":717,"column":4},"end":{"line":717,"column":4}}]},"36":{"line":734,"type":"if","locations":[{"start":{"line":734,"column":4},"end":{"line":734,"column":4}},{"start":{"line":734,"column":4},"end":{"line":734,"column":4}}]},"37":{"line":756,"type":"if","locations":[{"start":{"line":756,"column":4},"end":{"line":756,"column":4}},{"start":{"line":756,"column":4},"end":{"line":756,"column":4}}]},"38":{"line":766,"type":"if","locations":[{"start":{"line":766,"column":4},"end":{"line":766,"column":4}},{"start":{"line":766,"column":4},"end":{"line":766,"column":4}}]}}},"contracts/AlchemixToken.sol":{"l":{"27":12,"28":12,"29":12,"30":12,"35":2,"36":1,"46":1},"path":"/Users/patrickmckelvy/code/defi/os/alchemix/alchemix-protocol/contracts/AlchemixToken.sol","s":{"1":12,"2":12,"3":12,"4":12,"5":2,"6":1},"b":{"1":[1,1]},"f":{"1":12,"2":2,"3":1},"fnMap":{"1":{"name":"constructor","line":26,"loc":{"start":{"line":26,"column":2},"end":{"line":31,"column":2}}},"2":{"name":"onlyMinter","line":34,"loc":{"start":{"line":34,"column":2},"end":{"line":37,"column":2}}},"3":{"name":"mint","line":45,"loc":{"start":{"line":45,"column":2},"end":{"line":47,"column":2}}}},"statementMap":{"1":{"start":{"line":27,"column":4},"end":{"line":27,"column":37}},"2":{"start":{"line":28,"column":4},"end":{"line":28,"column":38}},"3":{"start":{"line":29,"column":4},"end":{"line":29,"column":41}},"4":{"start":{"line":30,"column":4},"end":{"line":30,"column":40}},"5":{"start":{"line":35,"column":4},"end":{"line":35,"column":74}},"6":{"start":{"line":46,"column":4},"end":{"line":46,"column":29}}},"branchMap":{"1":{"line":35,"type":"if","locations":[{"start":{"line":35,"column":4},"end":{"line":35,"column":4}},{"start":{"line":35,"column":4},"end":{"line":35,"column":4}}]}}},"contracts/AlToken.sol":{"l":{"46":279,"47":279,"48":279,"49":279,"54":108,"55":107,"65":95,"66":94,"67":94,"68":93,"69":93,"70":93,"78":59,"85":0,"91":1,"95":0,"96":0,"103":63,"107":122,"108":122,"112":1,"113":1,"121":17,"136":3,"138":3,"139":3,"146":12},"path":"/Users/patrickmckelvy/code/defi/os/alchemix/alchemix-protocol/contracts/AlToken.sol","s":{"1":279,"2":279,"3":279,"4":279,"5":108,"6":95,"7":94,"8":94,"9":93,"10":93,"11":93,"12":59,"13":0,"14":1,"15":0,"16":0,"17":63,"18":122,"19":1,"20":17,"21":3,"22":3,"23":3,"24":12},"b":{"1":[107,1],"2":[94,1],"3":[93,1],"4":[93,0],"5":[122,0],"6":[1,0]},"f":{"1":279,"2":108,"3":95,"4":59,"5":0,"6":1,"7":0,"8":63,"9":122,"10":1,"11":17,"12":3,"13":12},"fnMap":{"1":{"name":"constructor","line":45,"loc":{"start":{"line":45,"column":2},"end":{"line":50,"column":2}}},"2":{"name":"onlyWhitelisted","line":53,"loc":{"start":{"line":53,"column":2},"end":{"line":56,"column":2}}},"3":{"name":"mint","line":64,"loc":{"start":{"line":64,"column":2},"end":{"line":71,"column":2}}},"4":{"name":"setWhitelist","line":77,"loc":{"start":{"line":77,"column":2},"end":{"line":79,"column":2}}},"5":{"name":"setSentinel","line":84,"loc":{"start":{"line":84,"column":2},"end":{"line":86,"column":2}}},"6":{"name":"setBlacklist","line":90,"loc":{"start":{"line":90,"column":2},"end":{"line":92,"column":2}}},"7":{"name":"pauseAlchemist","line":94,"loc":{"start":{"line":94,"column":2},"end":{"line":97,"column":2}}},"8":{"name":"setCeiling","line":102,"loc":{"start":{"line":102,"column":2},"end":{"line":104,"column":2}}},"9":{"name":"onlyAdmin","line":106,"loc":{"start":{"line":106,"column":2},"end":{"line":109,"column":2}}},"10":{"name":"onlySentinel","line":111,"loc":{"start":{"line":111,"column":2},"end":{"line":114,"column":2}}},"11":{"name":"burn","line":120,"loc":{"start":{"line":120,"column":4},"end":{"line":122,"column":4}}},"12":{"name":"burnFrom","line":135,"loc":{"start":{"line":135,"column":4},"end":{"line":140,"column":4}}},"13":{"name":"lowerHasMinted","line":145,"loc":{"start":{"line":145,"column":4},"end":{"line":147,"column":4}}}},"statementMap":{"1":{"start":{"line":46,"column":4},"end":{"line":46,"column":37}},"2":{"start":{"line":47,"column":4},"end":{"line":47,"column":40}},"3":{"start":{"line":48,"column":4},"end":{"line":48,"column":42}},"4":{"start":{"line":49,"column":4},"end":{"line":49,"column":39}},"5":{"start":{"line":54,"column":4},"end":{"line":54,"column":72}},"6":{"start":{"line":65,"column":4},"end":{"line":65,"column":70}},"7":{"start":{"line":66,"column":4},"end":{"line":66,"column":55}},"8":{"start":{"line":67,"column":4},"end":{"line":67,"column":84}},"9":{"start":{"line":68,"column":4},"end":{"line":68,"column":67}},"10":{"start":{"line":69,"column":4},"end":{"line":69,"column":61}},"11":{"start":{"line":70,"column":4},"end":{"line":70,"column":29}},"12":{"start":{"line":78,"column":4},"end":{"line":78,"column":35}},"13":{"start":{"line":85,"column":4},"end":{"line":85,"column":42}},"14":{"start":{"line":91,"column":4},"end":{"line":91,"column":33}},"15":{"start":{"line":95,"column":4},"end":{"line":95,"column":28}},"16":{"start":{"line":96,"column":4},"end":{"line":96,"column":27}},"17":{"start":{"line":103,"column":4},"end":{"line":103,"column":36}},"18":{"start":{"line":107,"column":4},"end":{"line":107,"column":57}},"19":{"start":{"line":112,"column":4},"end":{"line":112,"column":63}},"20":{"start":{"line":121,"column":8},"end":{"line":121,"column":34}},"21":{"start":{"line":136,"column":8},"end":{"line":136,"column":121}},"22":{"start":{"line":138,"column":8},"end":{"line":138,"column":58}},"23":{"start":{"line":139,"column":8},"end":{"line":139,"column":29}},"24":{"start":{"line":146,"column":8},"end":{"line":146,"column":64}}},"branchMap":{"1":{"line":54,"type":"if","locations":[{"start":{"line":54,"column":4},"end":{"line":54,"column":4}},{"start":{"line":54,"column":4},"end":{"line":54,"column":4}}]},"2":{"line":65,"type":"if","locations":[{"start":{"line":65,"column":4},"end":{"line":65,"column":4}},{"start":{"line":65,"column":4},"end":{"line":65,"column":4}}]},"3":{"line":67,"type":"if","locations":[{"start":{"line":67,"column":4},"end":{"line":67,"column":4}},{"start":{"line":67,"column":4},"end":{"line":67,"column":4}}]},"4":{"line":68,"type":"if","locations":[{"start":{"line":68,"column":4},"end":{"line":68,"column":4}},{"start":{"line":68,"column":4},"end":{"line":68,"column":4}}]},"5":{"line":107,"type":"if","locations":[{"start":{"line":107,"column":4},"end":{"line":107,"column":4}},{"start":{"line":107,"column":4},"end":{"line":107,"column":4}}]},"6":{"line":112,"type":"if","locations":[{"start":{"line":112,"column":4},"end":{"line":112,"column":4}},{"start":{"line":112,"column":4},"end":{"line":112,"column":4}}]}}},"contracts/interfaces/IChainlink.sol":{"l":{},"path":"/Users/patrickmckelvy/code/defi/os/alchemix/alchemix-protocol/contracts/interfaces/IChainlink.sol","s":{},"b":{},"f":{},"fnMap":{},"statementMap":{},"branchMap":{}},"contracts/interfaces/ICurveMetaFactory.sol":{"l":{},"path":"/Users/patrickmckelvy/code/defi/os/alchemix/alchemix-protocol/contracts/interfaces/ICurveMetaFactory.sol","s":{},"b":{},"f":{},"fnMap":{},"statementMap":{},"branchMap":{}},"contracts/interfaces/IDetailedERC20.sol":{"l":{},"path":"/Users/patrickmckelvy/code/defi/os/alchemix/alchemix-protocol/contracts/interfaces/IDetailedERC20.sol","s":{},"b":{},"f":{},"fnMap":{},"statementMap":{},"branchMap":{}},"contracts/interfaces/IERC20Burnable.sol":{"l":{},"path":"/Users/patrickmckelvy/code/defi/os/alchemix/alchemix-protocol/contracts/interfaces/IERC20Burnable.sol","s":{},"b":{},"f":{},"fnMap":{},"statementMap":{},"branchMap":{}},"contracts/interfaces/IMintableERC20.sol":{"l":{},"path":"/Users/patrickmckelvy/code/defi/os/alchemix/alchemix-protocol/contracts/interfaces/IMintableERC20.sol","s":{},"b":{},"f":{},"fnMap":{},"statementMap":{},"branchMap":{}},"contracts/interfaces/ITransmuter.sol":{"l":{},"path":"/Users/patrickmckelvy/code/defi/os/alchemix/alchemix-protocol/contracts/interfaces/ITransmuter.sol","s":{},"b":{},"f":{},"fnMap":{},"statementMap":{},"branchMap":{}},"contracts/interfaces/IVaultAdapter.sol":{"l":{},"path":"/Users/patrickmckelvy/code/defi/os/alchemix/alchemix-protocol/contracts/interfaces/IVaultAdapter.sol","s":{},"b":{},"f":{},"fnMap":{},"statementMap":{},"branchMap":{}},"contracts/interfaces/IYearnController.sol":{"l":{},"path":"/Users/patrickmckelvy/code/defi/os/alchemix/alchemix-protocol/contracts/interfaces/IYearnController.sol","s":{},"b":{},"f":{},"fnMap":{},"statementMap":{},"branchMap":{}},"contracts/interfaces/IYearnVault.sol":{"l":{},"path":"/Users/patrickmckelvy/code/defi/os/alchemix/alchemix-protocol/contracts/interfaces/IYearnVault.sol","s":{},"b":{},"f":{},"fnMap":{},"statementMap":{},"branchMap":{}},"contracts/interfaces/IyVaultV2.sol":{"l":{},"path":"/Users/patrickmckelvy/code/defi/os/alchemix/alchemix-protocol/contracts/interfaces/IyVaultV2.sol","s":{},"b":{},"f":{},"fnMap":{},"statementMap":{},"branchMap":{}},"contracts/libraries/alchemist/CDP.sol":{"l":{"35":240,"36":240,"37":0,"38":0,"39":0,"41":240,"43":240,"50":103,"59":103,"63":106,"64":106,"65":106,"68":0,"69":0,"70":0,"73":0,"77":0,"78":0,"79":0,"82":0,"83":0,"84":0,"87":0,"97":346,"98":346,"100":346,"101":346,"104":0,"124":103,"125":103,"126":4,"128":99},"path":"/Users/patrickmckelvy/code/defi/os/alchemix/alchemix-protocol/contracts/libraries/alchemist/CDP.sol","s":{"1":240,"2":240,"3":0,"4":0,"5":0,"6":240,"7":240,"8":103,"9":103,"10":106,"11":106,"12":106,"13":0,"14":0,"15":0,"16":0,"17":0,"18":0,"19":0,"20":0,"21":0,"22":0,"23":0,"24":346,"25":346,"26":346,"27":346,"28":0,"29":103,"30":103,"31":4,"32":99},"b":{"1":[0,240],"2":[101,2],"3":[106,0],"4":[0,0],"5":[0,0],"6":[0,0],"7":[346,0],"8":[4,99]},"f":{"1":240,"2":103,"3":103,"4":106,"5":0,"6":346,"7":103},"fnMap":{"1":{"name":"update","line":34,"loc":{"start":{"line":34,"column":2},"end":{"line":44,"column":2}}},"2":{"name":"checkHealth","line":49,"loc":{"start":{"line":49,"column":2},"end":{"line":51,"column":2}}},"3":{"name":"isHealthy","line":58,"loc":{"start":{"line":58,"column":2},"end":{"line":60,"column":2}}},"4":{"name":"getUpdatedTotalDebt","line":62,"loc":{"start":{"line":62,"column":2},"end":{"line":74,"column":2}}},"5":{"name":"getUpdatedTotalCredit","line":76,"loc":{"start":{"line":76,"column":2},"end":{"line":88,"column":2}}},"6":{"name":"getEarnedYield","line":96,"loc":{"start":{"line":96,"column":2},"end":{"line":108,"column":2}}},"7":{"name":"getCollateralizationRatio","line":120,"loc":{"start":{"line":120,"column":2},"end":{"line":129,"column":2}}}},"statementMap":{"1":{"start":{"line":35,"column":4},"end":{"line":35,"column":53}},"2":{"start":{"line":36,"column":4},"end":{"line":36,"column":1118}},"3":{"start":{"line":37,"column":6},"end":{"line":37,"column":49}},"4":{"start":{"line":38,"column":6},"end":{"line":38,"column":24}},"5":{"start":{"line":39,"column":6},"end":{"line":39,"column":60}},"6":{"start":{"line":41,"column":6},"end":{"line":41,"column":56}},"7":{"start":{"line":43,"column":4},"end":{"line":43,"column":65}},"8":{"start":{"line":50,"column":4},"end":{"line":50,"column":39}},"9":{"start":{"line":59,"column":4},"end":{"line":59,"column":86}},"10":{"start":{"line":63,"column":4},"end":{"line":63,"column":56}},"11":{"start":{"line":64,"column":4},"end":{"line":64,"column":2264}},"12":{"start":{"line":65,"column":6},"end":{"line":65,"column":28}},"13":{"start":{"line":68,"column":4},"end":{"line":68,"column":47}},"14":{"start":{"line":69,"column":4},"end":{"line":69,"column":2382}},"15":{"start":{"line":70,"column":6},"end":{"line":70,"column":14}},"16":{"start":{"line":73,"column":4},"end":{"line":73,"column":46}},"17":{"start":{"line":77,"column":4},"end":{"line":77,"column":56}},"18":{"start":{"line":78,"column":4},"end":{"line":78,"column":2673}},"19":{"start":{"line":79,"column":6},"end":{"line":79,"column":30}},"20":{"start":{"line":82,"column":4},"end":{"line":82,"column":47}},"21":{"start":{"line":83,"column":4},"end":{"line":83,"column":2793}},"22":{"start":{"line":84,"column":6},"end":{"line":84,"column":14}},"23":{"start":{"line":87,"column":4},"end":{"line":87,"column":68}},"24":{"start":{"line":97,"column":4},"end":{"line":97,"column":95}},"25":{"start":{"line":98,"column":4},"end":{"line":98,"column":97}},"26":{"start":{"line":100,"column":4},"end":{"line":100,"column":3459}},"27":{"start":{"line":101,"column":6},"end":{"line":101,"column":14}},"28":{"start":{"line":104,"column":4},"end":{"line":104,"column":3573}},"29":{"start":{"line":124,"column":4},"end":{"line":124,"column":56}},"30":{"start":{"line":125,"column":4},"end":{"line":125,"column":4379}},"31":{"start":{"line":126,"column":6},"end":{"line":126,"column":42}},"32":{"start":{"line":128,"column":4},"end":{"line":128,"column":72}}},"branchMap":{"1":{"line":36,"type":"if","locations":[{"start":{"line":36,"column":4},"end":{"line":36,"column":4}},{"start":{"line":36,"column":4},"end":{"line":36,"column":4}}]},"2":{"line":50,"type":"if","locations":[{"start":{"line":50,"column":4},"end":{"line":50,"column":4}},{"start":{"line":50,"column":4},"end":{"line":50,"column":4}}]},"3":{"line":64,"type":"if","locations":[{"start":{"line":64,"column":4},"end":{"line":64,"column":4}},{"start":{"line":64,"column":4},"end":{"line":64,"column":4}}]},"4":{"line":69,"type":"if","locations":[{"start":{"line":69,"column":4},"end":{"line":69,"column":4}},{"start":{"line":69,"column":4},"end":{"line":69,"column":4}}]},"5":{"line":78,"type":"if","locations":[{"start":{"line":78,"column":4},"end":{"line":78,"column":4}},{"start":{"line":78,"column":4},"end":{"line":78,"column":4}}]},"6":{"line":83,"type":"if","locations":[{"start":{"line":83,"column":4},"end":{"line":83,"column":4}},{"start":{"line":83,"column":4},"end":{"line":83,"column":4}}]},"7":{"line":100,"type":"if","locations":[{"start":{"line":100,"column":4},"end":{"line":100,"column":4}},{"start":{"line":100,"column":4},"end":{"line":100,"column":4}}]},"8":{"line":125,"type":"if","locations":[{"start":{"line":125,"column":4},"end":{"line":125,"column":4}},{"start":{"line":125,"column":4},"end":{"line":125,"column":4}}]}}},"contracts/libraries/alchemist/Vault.sol":{"l":{"35":26,"42":49,"50":19,"52":19,"53":19,"54":19,"56":19,"61":19,"62":19,"70":9,"71":8,"72":8,"80":11,"82":11,"83":11,"85":11,"87":10,"88":10,"90":10,"91":10,"93":10,"100":0,"107":3,"108":1,"110":2,"111":2,"118":81,"127":16,"136":21,"145":24,"146":24,"153":25},"path":"/Users/patrickmckelvy/code/defi/os/alchemix/alchemix-protocol/contracts/libraries/alchemist/Vault.sol","s":{"1":26,"2":49,"3":19,"4":19,"5":19,"6":19,"7":19,"8":19,"9":19,"10":9,"11":8,"12":8,"13":11,"14":11,"15":11,"16":11,"17":10,"18":10,"19":10,"20":10,"21":10,"22":0,"23":3,"24":1,"25":2,"26":2,"27":81,"28":16,"29":21,"30":24,"31":24,"32":25},"b":{"1":[1,2]},"f":{"1":26,"2":49,"3":19,"4":19,"5":9,"6":11,"7":0,"8":3,"9":81,"10":16,"11":21,"12":24,"13":25},"fnMap":{"1":{"name":"totalValue","line":34,"loc":{"start":{"line":34,"column":2},"end":{"line":36,"column":2}}},"2":{"name":"token","line":41,"loc":{"start":{"line":41,"column":2},"end":{"line":43,"column":2}}},"3":{"name":"deposit","line":48,"loc":{"start":{"line":48,"column":2},"end":{"line":57,"column":2}}},"4":{"name":"depositAll","line":60,"loc":{"start":{"line":60,"column":2},"end":{"line":63,"column":2}}},"5":{"name":"withdraw","line":69,"loc":{"start":{"line":69,"column":2},"end":{"line":73,"column":2}}},"6":{"name":"directWithdraw","line":79,"loc":{"start":{"line":79,"column":2},"end":{"line":94,"column":2}}},"7":{"name":"withdrawAll","line":99,"loc":{"start":{"line":99,"column":2},"end":{"line":101,"column":2}}},"8":{"name":"harvest","line":106,"loc":{"start":{"line":106,"column":2},"end":{"line":112,"column":2}}},"9":{"name":"push","line":117,"loc":{"start":{"line":117,"column":2},"end":{"line":119,"column":2}}},"10":{"name":"get","line":126,"loc":{"start":{"line":126,"column":2},"end":{"line":128,"column":2}}},"11":{"name":"last","line":135,"loc":{"start":{"line":135,"column":2},"end":{"line":137,"column":2}}},"12":{"name":"lastIndex","line":144,"loc":{"start":{"line":144,"column":2},"end":{"line":147,"column":2}}},"13":{"name":"length","line":152,"loc":{"start":{"line":152,"column":2},"end":{"line":154,"column":2}}}},"statementMap":{"1":{"start":{"line":35,"column":4},"end":{"line":35,"column":37}},"2":{"start":{"line":42,"column":4},"end":{"line":42,"column":48}},"3":{"start":{"line":50,"column":4},"end":{"line":50,"column":41}},"4":{"start":{"line":52,"column":4},"end":{"line":52,"column":55}},"5":{"start":{"line":53,"column":4},"end":{"line":53,"column":33}},"6":{"start":{"line":54,"column":4},"end":{"line":54,"column":59}},"7":{"start":{"line":56,"column":4},"end":{"line":56,"column":18}},"8":{"start":{"line":61,"column":4},"end":{"line":61,"column":41}},"9":{"start":{"line":62,"column":4},"end":{"line":62,"column":57}},"10":{"start":{"line":70,"column":4},"end":{"line":70,"column":99}},"11":{"start":{"line":71,"column":4},"end":{"line":71,"column":67}},"12":{"start":{"line":72,"column":4},"end":{"line":72,"column":46}},"13":{"start":{"line":80,"column":4},"end":{"line":80,"column":41}},"14":{"start":{"line":82,"column":4},"end":{"line":82,"column":59}},"15":{"start":{"line":83,"column":4},"end":{"line":83,"column":52}},"16":{"start":{"line":85,"column":4},"end":{"line":85,"column":46}},"17":{"start":{"line":87,"column":4},"end":{"line":87,"column":57}},"18":{"start":{"line":88,"column":4},"end":{"line":88,"column":67}},"19":{"start":{"line":90,"column":4},"end":{"line":90,"column":50}},"20":{"start":{"line":91,"column":4},"end":{"line":91,"column":72}},"21":{"start":{"line":93,"column":4},"end":{"line":93,"column":46}},"22":{"start":{"line":100,"column":4},"end":{"line":100,"column":59}},"23":{"start":{"line":107,"column":4},"end":{"line":107,"column":3888}},"24":{"start":{"line":108,"column":6},"end":{"line":108,"column":19}},"25":{"start":{"line":110,"column":4},"end":{"line":110,"column":74}},"26":{"start":{"line":111,"column":4},"end":{"line":111,"column":60}},"27":{"start":{"line":118,"column":4},"end":{"line":118,"column":32}},"28":{"start":{"line":127,"column":4},"end":{"line":127,"column":33}},"29":{"start":{"line":136,"column":4},"end":{"line":136,"column":44}},"30":{"start":{"line":145,"column":4},"end":{"line":145,"column":36}},"31":{"start":{"line":146,"column":4},"end":{"line":146,"column":46}},"32":{"start":{"line":153,"column":4},"end":{"line":153,"column":32}}},"branchMap":{"1":{"line":107,"type":"if","locations":[{"start":{"line":107,"column":4},"end":{"line":107,"column":4}},{"start":{"line":107,"column":4},"end":{"line":107,"column":4}}]}}},"contracts/libraries/FixedPointMath.sol":{"l":{"13":110,"14":110,"15":110,"19":4,"23":11,"24":11,"25":11,"29":0,"33":9,"34":9,"35":9,"39":0,"43":9,"44":9,"45":9,"49":110,"50":110,"54":483,"55":22,"58":461,"59":11,"62":450,"66":9},"path":"/Users/patrickmckelvy/code/defi/os/alchemix/alchemix-protocol/contracts/libraries/FixedPointMath.sol","s":{"1":110,"2":110,"3":110,"4":4,"5":11,"6":11,"7":11,"8":0,"9":9,"10":9,"11":9,"12":0,"13":9,"14":9,"15":9,"16":110,"17":110,"18":483,"19":22,"20":461,"21":11,"22":450,"23":9},"b":{"1":[110,0],"2":[11,0],"3":[9,0],"4":[9,0],"5":[110,0],"6":[22,461],"7":[11,450]},"f":{"1":110,"2":4,"3":11,"4":0,"5":9,"6":0,"7":9,"8":110,"9":483,"10":9},"fnMap":{"1":{"name":"fromU256","line":12,"loc":{"start":{"line":12,"column":2},"end":{"line":16,"column":2}}},"2":{"name":"maximumValue","line":18,"loc":{"start":{"line":18,"column":2},"end":{"line":20,"column":2}}},"3":{"name":"add","line":22,"loc":{"start":{"line":22,"column":2},"end":{"line":26,"column":2}}},"4":{"name":"add","line":28,"loc":{"start":{"line":28,"column":2},"end":{"line":30,"column":2}}},"5":{"name":"sub","line":32,"loc":{"start":{"line":32,"column":2},"end":{"line":36,"column":2}}},"6":{"name":"sub","line":38,"loc":{"start":{"line":38,"column":2},"end":{"line":40,"column":2}}},"7":{"name":"mul","line":42,"loc":{"start":{"line":42,"column":2},"end":{"line":46,"column":2}}},"8":{"name":"div","line":48,"loc":{"start":{"line":48,"column":2},"end":{"line":51,"column":2}}},"9":{"name":"cmp","line":53,"loc":{"start":{"line":53,"column":2},"end":{"line":63,"column":2}}},"10":{"name":"decode","line":65,"loc":{"start":{"line":65,"column":2},"end":{"line":67,"column":2}}}},"statementMap":{"1":{"start":{"line":13,"column":4},"end":{"line":13,"column":13}},"2":{"start":{"line":14,"column":4},"end":{"line":14,"column":64}},"3":{"start":{"line":15,"column":4},"end":{"line":15,"column":22}},"4":{"start":{"line":19,"column":4},"end":{"line":19,"column":32}},"5":{"start":{"line":23,"column":4},"end":{"line":23,"column":13}},"6":{"start":{"line":24,"column":4},"end":{"line":24,"column":44}},"7":{"start":{"line":25,"column":4},"end":{"line":25,"column":22}},"8":{"start":{"line":29,"column":4},"end":{"line":29,"column":37}},"9":{"start":{"line":33,"column":4},"end":{"line":33,"column":13}},"10":{"start":{"line":34,"column":4},"end":{"line":34,"column":44}},"11":{"start":{"line":35,"column":4},"end":{"line":35,"column":22}},"12":{"start":{"line":39,"column":4},"end":{"line":39,"column":37}},"13":{"start":{"line":43,"column":4},"end":{"line":43,"column":13}},"14":{"start":{"line":44,"column":4},"end":{"line":44,"column":64}},"15":{"start":{"line":45,"column":4},"end":{"line":45,"column":22}},"16":{"start":{"line":49,"column":4},"end":{"line":49,"column":22}},"17":{"start":{"line":50,"column":4},"end":{"line":50,"column":35}},"18":{"start":{"line":54,"column":4},"end":{"line":54,"column":1642}},"19":{"start":{"line":55,"column":6},"end":{"line":55,"column":15}},"20":{"start":{"line":58,"column":4},"end":{"line":58,"column":1694}},"21":{"start":{"line":59,"column":6},"end":{"line":59,"column":14}},"22":{"start":{"line":62,"column":4},"end":{"line":62,"column":12}},"23":{"start":{"line":66,"column":4},"end":{"line":66,"column":26}}},"branchMap":{"1":{"line":14,"type":"if","locations":[{"start":{"line":14,"column":4},"end":{"line":14,"column":4}},{"start":{"line":14,"column":4},"end":{"line":14,"column":4}}]},"2":{"line":24,"type":"if","locations":[{"start":{"line":24,"column":4},"end":{"line":24,"column":4}},{"start":{"line":24,"column":4},"end":{"line":24,"column":4}}]},"3":{"line":34,"type":"if","locations":[{"start":{"line":34,"column":4},"end":{"line":34,"column":4}},{"start":{"line":34,"column":4},"end":{"line":34,"column":4}}]},"4":{"line":44,"type":"if","locations":[{"start":{"line":44,"column":4},"end":{"line":44,"column":4}},{"start":{"line":44,"column":4},"end":{"line":44,"column":4}}]},"5":{"line":49,"type":"if","locations":[{"start":{"line":49,"column":4},"end":{"line":49,"column":4}},{"start":{"line":49,"column":4},"end":{"line":49,"column":4}}]},"6":{"line":54,"type":"if","locations":[{"start":{"line":54,"column":4},"end":{"line":54,"column":4}},{"start":{"line":54,"column":4},"end":{"line":54,"column":4}}]},"7":{"line":58,"type":"if","locations":[{"start":{"line":58,"column":4},"end":{"line":58,"column":4}},{"start":{"line":58,"column":4},"end":{"line":58,"column":4}}]}}},"contracts/libraries/pools/Pool.sol":{"l":{"46":0,"47":0,"63":0,"75":0,"76":0,"79":0,"80":0,"81":0,"84":0,"85":0,"87":0,"88":0,"91":0,"92":0,"99":0,"108":0,"117":0,"126":0,"127":0,"134":0},"path":"/Users/patrickmckelvy/code/defi/os/alchemix/alchemix-protocol/contracts/libraries/pools/Pool.sol","s":{"1":0,"2":0,"3":0,"4":0,"5":0,"6":0,"7":0,"8":0,"9":0,"10":0,"11":0,"12":0,"13":0,"14":0,"15":0,"16":0,"17":0,"18":0,"19":0,"20":0},"b":{"1":[0,0],"2":[0,0],"3":[0,0]},"f":{"1":0,"2":0,"3":0,"4":0,"5":0,"6":0,"7":0,"8":0},"fnMap":{"1":{"name":"update","line":45,"loc":{"start":{"line":45,"column":2},"end":{"line":48,"column":2}}},"2":{"name":"getRewardRate","line":55,"loc":{"start":{"line":55,"column":2},"end":{"line":64,"column":2}}},"3":{"name":"getUpdatedAccumulatedRewardWeight","line":71,"loc":{"start":{"line":71,"column":2},"end":{"line":93,"column":2}}},"4":{"name":"push","line":98,"loc":{"start":{"line":98,"column":2},"end":{"line":100,"column":2}}},"5":{"name":"get","line":107,"loc":{"start":{"line":107,"column":2},"end":{"line":109,"column":2}}},"6":{"name":"last","line":116,"loc":{"start":{"line":116,"column":2},"end":{"line":118,"column":2}}},"7":{"name":"lastIndex","line":125,"loc":{"start":{"line":125,"column":2},"end":{"line":128,"column":2}}},"8":{"name":"length","line":133,"loc":{"start":{"line":133,"column":2},"end":{"line":135,"column":2}}}},"statementMap":{"1":{"start":{"line":46,"column":4},"end":{"line":46,"column":80}},"2":{"start":{"line":47,"column":4},"end":{"line":47,"column":40}},"3":{"start":{"line":63,"column":4},"end":{"line":63,"column":78}},"4":{"start":{"line":75,"column":4},"end":{"line":75,"column":2230}},"5":{"start":{"line":76,"column":6},"end":{"line":76,"column":42}},"6":{"start":{"line":79,"column":4},"end":{"line":79,"column":67}},"7":{"start":{"line":80,"column":4},"end":{"line":80,"column":2387}},"8":{"start":{"line":81,"column":6},"end":{"line":81,"column":42}},"9":{"start":{"line":84,"column":4},"end":{"line":84,"column":51}},"10":{"start":{"line":85,"column":4},"end":{"line":85,"column":61}},"11":{"start":{"line":87,"column":4},"end":{"line":87,"column":2584}},"12":{"start":{"line":88,"column":6},"end":{"line":88,"column":42}},"13":{"start":{"line":91,"column":4},"end":{"line":91,"column":119}},"14":{"start":{"line":92,"column":4},"end":{"line":92,"column":59}},"15":{"start":{"line":99,"column":4},"end":{"line":99,"column":32}},"16":{"start":{"line":108,"column":4},"end":{"line":108,"column":33}},"17":{"start":{"line":117,"column":4},"end":{"line":117,"column":44}},"18":{"start":{"line":126,"column":4},"end":{"line":126,"column":36}},"19":{"start":{"line":127,"column":4},"end":{"line":127,"column":53}},"20":{"start":{"line":134,"column":4},"end":{"line":134,"column":32}}},"branchMap":{"1":{"line":75,"type":"if","locations":[{"start":{"line":75,"column":4},"end":{"line":75,"column":4}},{"start":{"line":75,"column":4},"end":{"line":75,"column":4}}]},"2":{"line":80,"type":"if","locations":[{"start":{"line":80,"column":4},"end":{"line":80,"column":4}},{"start":{"line":80,"column":4},"end":{"line":80,"column":4}}]},"3":{"line":87,"type":"if","locations":[{"start":{"line":87,"column":4},"end":{"line":87,"column":4}},{"start":{"line":87,"column":4},"end":{"line":87,"column":4}}]}}},"contracts/libraries/pools/Stake.sol":{"l":{"31":0,"32":0,"39":0,"40":0,"42":0,"43":0,"46":0,"51":0},"path":"/Users/patrickmckelvy/code/defi/os/alchemix/alchemix-protocol/contracts/libraries/pools/Stake.sol","s":{"1":0,"2":0,"3":0,"4":0,"5":0,"6":0,"7":0,"8":0},"b":{"1":[0,0]},"f":{"1":0,"2":0},"fnMap":{"1":{"name":"update","line":30,"loc":{"start":{"line":30,"column":2},"end":{"line":33,"column":2}}},"2":{"name":"getUpdatedTotalUnclaimed","line":35,"loc":{"start":{"line":35,"column":2},"end":{"line":52,"column":2}}}},"statementMap":{"1":{"start":{"line":31,"column":4},"end":{"line":31,"column":69}},"2":{"start":{"line":32,"column":4},"end":{"line":32,"column":78}},"3":{"start":{"line":39,"column":4},"end":{"line":39,"column":108}},"4":{"start":{"line":40,"column":4},"end":{"line":40,"column":87}},"5":{"start":{"line":42,"column":4},"end":{"line":42,"column":1497}},"6":{"start":{"line":43,"column":6},"end":{"line":43,"column":33}},"7":{"start":{"line":46,"column":4},"end":{"line":46,"column":1620}},"8":{"start":{"line":51,"column":4},"end":{"line":51,"column":55}}},"branchMap":{"1":{"line":42,"type":"if","locations":[{"start":{"line":42,"column":4},"end":{"line":42,"column":4}},{"start":{"line":42,"column":4},"end":{"line":42,"column":4}}]}}},"contracts/mocks/ERC20Mock.sol":{"l":{"13":0,"17":0,"21":0},"path":"/Users/patrickmckelvy/code/defi/os/alchemix/alchemix-protocol/contracts/mocks/ERC20Mock.sol","s":{"1":0,"2":0,"3":0},"b":{},"f":{"1":0,"2":0,"3":0},"fnMap":{"1":{"name":"constructor","line":12,"loc":{"start":{"line":12,"column":2},"end":{"line":14,"column":2}}},"2":{"name":"mint","line":16,"loc":{"start":{"line":16,"column":2},"end":{"line":18,"column":2}}},"3":{"name":"burn","line":20,"loc":{"start":{"line":20,"column":2},"end":{"line":22,"column":2}}}},"statementMap":{"1":{"start":{"line":13,"column":4},"end":{"line":13,"column":28}},"2":{"start":{"line":17,"column":4},"end":{"line":17,"column":29}},"3":{"start":{"line":21,"column":4},"end":{"line":21,"column":27}}},"branchMap":{}},"contracts/mocks/VaultAdapterMock.sol":{"l":{"14":0,"18":0,"22":0,"28":0},"path":"/Users/patrickmckelvy/code/defi/os/alchemix/alchemix-protocol/contracts/mocks/VaultAdapterMock.sol","s":{"1":0,"2":0,"3":0,"4":0},"b":{},"f":{"1":0,"2":0,"3":0,"4":0,"5":0},"fnMap":{"1":{"name":"constructor","line":13,"loc":{"start":{"line":13,"column":2},"end":{"line":15,"column":2}}},"2":{"name":"token","line":17,"loc":{"start":{"line":17,"column":2},"end":{"line":19,"column":2}}},"3":{"name":"totalValue","line":21,"loc":{"start":{"line":21,"column":2},"end":{"line":23,"column":2}}},"4":{"name":"deposit","line":25,"loc":{"start":{"line":25,"column":2},"end":{"line":25,"column":56}}},"5":{"name":"withdraw","line":27,"loc":{"start":{"line":27,"column":2},"end":{"line":29,"column":2}}}},"statementMap":{"1":{"start":{"line":14,"column":4},"end":{"line":14,"column":18}},"2":{"start":{"line":18,"column":4},"end":{"line":18,"column":17}},"3":{"start":{"line":22,"column":4},"end":{"line":22,"column":42}},"4":{"start":{"line":28,"column":4},"end":{"line":28,"column":43}}},"branchMap":{}},"contracts/mocks/YearnControllerMock.sol":{"l":{"23":0,"27":0,"33":0,"37":0},"path":"/Users/patrickmckelvy/code/defi/os/alchemix/alchemix-protocol/contracts/mocks/YearnControllerMock.sol","s":{"1":0,"2":0,"3":0,"4":0},"b":{},"f":{"1":0,"2":0,"3":0,"4":0},"fnMap":{"1":{"name":"setWithdrawalFee","line":22,"loc":{"start":{"line":22,"column":2},"end":{"line":24,"column":2}}},"2":{"name":"balanceOf","line":26,"loc":{"start":{"line":26,"column":2},"end":{"line":28,"column":2}}},"3":{"name":"earn","line":30,"loc":{"start":{"line":30,"column":2},"end":{"line":30,"column":69}}},"4":{"name":"withdraw","line":32,"loc":{"start":{"line":32,"column":2},"end":{"line":38,"column":2}}}},"statementMap":{"1":{"start":{"line":23,"column":4},"end":{"line":23,"column":33}},"2":{"start":{"line":27,"column":4},"end":{"line":27,"column":50}},"3":{"start":{"line":33,"column":4},"end":{"line":33,"column":59}},"4":{"start":{"line":37,"column":4},"end":{"line":37,"column":51}}},"branchMap":{}},"contracts/mocks/YearnVaultMock.sol":{"l":{"26":0,"27":0,"31":0,"35":0,"39":0,"43":0,"44":0,"45":0,"49":0,"50":0,"51":0,"52":0,"53":0,"54":0,"55":0,"56":0,"58":0,"60":0,"64":0,"65":0,"68":0,"69":0,"70":0,"71":0,"72":0,"73":0,"74":0,"75":0,"79":0,"83":0,"89":0,"90":0},"path":"/Users/patrickmckelvy/code/defi/os/alchemix/alchemix-protocol/contracts/mocks/YearnVaultMock.sol","s":{"1":0,"2":0,"3":0,"4":0,"5":0,"6":0,"7":0,"8":0,"9":0,"10":0,"11":0,"12":0,"13":0,"14":0,"15":0,"16":0,"17":0,"18":0,"19":0,"20":0,"21":0,"22":0,"23":0,"24":0,"25":0,"26":0,"27":0,"28":0,"29":0,"30":0,"31":0,"32":0},"b":{"1":[0,0],"2":[0,0],"3":[0,0]},"f":{"1":0,"2":0,"3":0,"4":0,"5":0,"6":0,"7":0,"8":0,"9":0},"fnMap":{"1":{"name":"constructor","line":25,"loc":{"start":{"line":25,"column":2},"end":{"line":28,"column":2}}},"2":{"name":"vdecimals","line":30,"loc":{"start":{"line":30,"column":2},"end":{"line":32,"column":2}}},"3":{"name":"balance","line":34,"loc":{"start":{"line":34,"column":2},"end":{"line":36,"column":2}}},"4":{"name":"available","line":38,"loc":{"start":{"line":38,"column":2},"end":{"line":40,"column":2}}},"5":{"name":"earn","line":42,"loc":{"start":{"line":42,"column":2},"end":{"line":46,"column":2}}},"6":{"name":"deposit","line":48,"loc":{"start":{"line":48,"column":2},"end":{"line":61,"column":2}}},"7":{"name":"withdraw","line":63,"loc":{"start":{"line":63,"column":2},"end":{"line":80,"column":2}}},"8":{"name":"pricePerShare","line":82,"loc":{"start":{"line":82,"column":2},"end":{"line":84,"column":2}}},"9":{"name":"clear","line":88,"loc":{"start":{"line":88,"column":2},"end":{"line":91,"column":2}}}},"statementMap":{"1":{"start":{"line":26,"column":4},"end":{"line":26,"column":17}},"2":{"start":{"line":27,"column":4},"end":{"line":27,"column":27}},"3":{"start":{"line":31,"column":4},"end":{"line":31,"column":21}},"4":{"start":{"line":35,"column":4},"end":{"line":35,"column":83}},"5":{"start":{"line":39,"column":4},"end":{"line":39,"column":59}},"6":{"start":{"line":43,"column":4},"end":{"line":43,"column":27}},"7":{"start":{"line":44,"column":4},"end":{"line":44,"column":48}},"8":{"start":{"line":45,"column":4},"end":{"line":45,"column":40}},"9":{"start":{"line":49,"column":4},"end":{"line":49,"column":26}},"10":{"start":{"line":50,"column":4},"end":{"line":50,"column":49}},"11":{"start":{"line":51,"column":4},"end":{"line":51,"column":61}},"12":{"start":{"line":52,"column":4},"end":{"line":52,"column":48}},"13":{"start":{"line":53,"column":4},"end":{"line":53,"column":32}},"14":{"start":{"line":54,"column":4},"end":{"line":54,"column":20}},"15":{"start":{"line":55,"column":4},"end":{"line":55,"column":1714}},"16":{"start":{"line":56,"column":6},"end":{"line":56,"column":22}},"17":{"start":{"line":58,"column":6},"end":{"line":58,"column":54}},"18":{"start":{"line":60,"column":4},"end":{"line":60,"column":29}},"19":{"start":{"line":64,"column":4},"end":{"line":64,"column":57}},"20":{"start":{"line":65,"column":4},"end":{"line":65,"column":29}},"21":{"start":{"line":68,"column":4},"end":{"line":68,"column":44}},"22":{"start":{"line":69,"column":4},"end":{"line":69,"column":2121}},"23":{"start":{"line":70,"column":6},"end":{"line":70,"column":33}},"24":{"start":{"line":71,"column":6},"end":{"line":71,"column":51}},"25":{"start":{"line":72,"column":6},"end":{"line":72,"column":50}},"26":{"start":{"line":73,"column":6},"end":{"line":73,"column":33}},"27":{"start":{"line":74,"column":6},"end":{"line":74,"column":2320}},"28":{"start":{"line":75,"column":8},"end":{"line":75,"column":25}},"29":{"start":{"line":79,"column":4},"end":{"line":79,"column":37}},"30":{"start":{"line":83,"column":4},"end":{"line":83,"column":49}},"31":{"start":{"line":89,"column":4},"end":{"line":89,"column":74}},"32":{"start":{"line":90,"column":4},"end":{"line":90,"column":66}}},"branchMap":{"1":{"line":55,"type":"if","locations":[{"start":{"line":55,"column":4},"end":{"line":55,"column":4}},{"start":{"line":55,"column":4},"end":{"line":55,"column":4}}]},"2":{"line":69,"type":"if","locations":[{"start":{"line":69,"column":4},"end":{"line":69,"column":4}},{"start":{"line":69,"column":4},"end":{"line":69,"column":4}}]},"3":{"line":74,"type":"if","locations":[{"start":{"line":74,"column":6},"end":{"line":74,"column":6}},{"start":{"line":74,"column":6},"end":{"line":74,"column":6}}]}}},"contracts/MultiSigWallet.sol":{"l":{"47":0,"48":0,"52":0,"53":0,"57":0,"58":0,"62":0,"63":0,"67":0,"68":0,"72":0,"73":0,"77":0,"78":0,"82":0,"83":0,"87":0,"91":0,"99":0,"100":0,"113":0,"114":0,"115":0,"117":0,"118":0,"130":0,"131":0,"132":0,"142":0,"143":0,"144":0,"145":0,"146":0,"148":0,"149":0,"150":0,"151":0,"163":0,"164":0,"165":0,"166":0,"168":0,"169":0,"170":0,"171":0,"181":0,"182":0,"194":0,"195":0,"207":0,"208":0,"209":0,"220":0,"221":0,"233":0,"234":0,"235":0,"236":0,"237":0,"239":0,"240":0,"248":0,"249":0,"264":0,"275":0,"276":0,"277":0,"278":0,"279":0,"280":0,"297":0,"298":0,"304":0,"305":0,"319":0,"320":0,"321":0,"333":0,"334":0,"336":0,"346":0,"357":0,"358":0,"359":0,"360":0,"361":0,"362":0,"363":0,"365":0,"366":0,"367":0,"381":0,"382":0,"383":0,"384":0,"385":0,"388":0,"389":0,"391":0,"392":0,"393":0},"path":"/Users/patrickmckelvy/code/defi/os/alchemix/alchemix-protocol/contracts/MultiSigWallet.sol","s":{"1":0,"2":0,"3":0,"4":0,"5":0,"6":0,"7":0,"8":0,"9":0,"10":0,"11":0,"12":0,"13":0,"14":0,"15":0,"16":0,"17":0,"18":0,"19":0,"20":0,"21":0,"22":0,"23":0,"24":0,"25":0,"26":0,"27":0,"28":0,"29":0,"30":0,"31":0,"32":0,"33":0,"34":0,"35":0,"36":0,"37":0,"38":0,"39":0,"40":0,"41":0,"42":0,"43":0,"44":0,"45":0,"46":0,"47":0,"48":0,"49":0,"50":0,"51":0,"52":0,"53":0,"54":0,"55":0,"56":0,"57":0,"58":0,"59":0,"60":0,"61":0,"62":0,"63":0,"64":0,"65":0,"66":0,"67":0,"68":0,"69":0,"70":0,"71":0,"72":0,"73":0,"74":0,"75":0,"76":0,"77":0,"78":0,"79":0,"80":0,"81":0,"82":0,"83":0,"84":0,"85":0,"86":0,"87":0,"88":0,"89":0},"b":{"1":[0,0],"2":[0,0],"3":[0,0],"4":[0,0],"5":[0,0],"6":[0,0],"7":[0,0],"8":[0,0],"9":[0,0],"10":[0,0],"11":[0,0],"12":[0,0],"13":[0,0],"14":[0,0],"15":[0,0],"16":[0,0],"17":[0,0],"18":[0,0],"19":[0,0],"20":[0,0],"21":[0,0],"22":[0,0]},"f":{"1":0,"2":0,"3":0,"4":0,"5":0,"6":0,"7":0,"8":0,"9":0,"10":0,"11":0,"12":0,"13":0,"14":0,"15":0,"16":0,"17":0,"18":0,"19":0,"20":0,"21":0,"22":0,"23":0,"24":0,"25":0,"26":0,"27":0},"fnMap":{"1":{"name":"onlyWallet","line":46,"loc":{"start":{"line":46,"column":4},"end":{"line":49,"column":4}}},"2":{"name":"ownerDoesNotExist","line":51,"loc":{"start":{"line":51,"column":4},"end":{"line":54,"column":4}}},"3":{"name":"ownerExists","line":56,"loc":{"start":{"line":56,"column":4},"end":{"line":59,"column":4}}},"4":{"name":"transactionExists","line":61,"loc":{"start":{"line":61,"column":4},"end":{"line":64,"column":4}}},"5":{"name":"confirmed","line":66,"loc":{"start":{"line":66,"column":4},"end":{"line":69,"column":4}}},"6":{"name":"notConfirmed","line":71,"loc":{"start":{"line":71,"column":4},"end":{"line":74,"column":4}}},"7":{"name":"notExecuted","line":76,"loc":{"start":{"line":76,"column":4},"end":{"line":79,"column":4}}},"8":{"name":"notNull","line":81,"loc":{"start":{"line":81,"column":4},"end":{"line":84,"column":4}}},"9":{"name":"validRequirement","line":86,"loc":{"start":{"line":86,"column":4},"end":{"line":92,"column":4}}},"10":{"name":null,"line":95,"loc":{"start":{"line":95,"column":4},"end":{"line":101,"column":4}}},"11":{"name":"constructor","line":111,"loc":{"start":{"line":109,"column":4},"end":{"line":119,"column":4}}},"12":{"name":"addOwner","line":128,"loc":{"start":{"line":123,"column":4},"end":{"line":133,"column":4}}},"13":{"name":"removeOwner","line":140,"loc":{"start":{"line":137,"column":4},"end":{"line":152,"column":4}}},"14":{"name":"replaceOwner","line":161,"loc":{"start":{"line":157,"column":4},"end":{"line":172,"column":4}}},"15":{"name":"changeRequirement","line":179,"loc":{"start":{"line":176,"column":4},"end":{"line":183,"column":4}}},"16":{"name":"submitTransaction","line":190,"loc":{"start":{"line":190,"column":4},"end":{"line":196,"column":4}}},"17":{"name":"confirmTransaction","line":205,"loc":{"start":{"line":200,"column":4},"end":{"line":210,"column":4}}},"18":{"name":"revokeConfirmation","line":218,"loc":{"start":{"line":214,"column":4},"end":{"line":222,"column":4}}},"19":{"name":"executeTransaction","line":231,"loc":{"start":{"line":226,"column":4},"end":{"line":243,"column":4}}},"20":{"name":"external_call","line":247,"loc":{"start":{"line":247,"column":4},"end":{"line":265,"column":4}}},"21":{"name":"isConfirmed","line":270,"loc":{"start":{"line":270,"column":4},"end":{"line":282,"column":4}}},"22":{"name":"addTransaction","line":294,"loc":{"start":{"line":292,"column":4},"end":{"line":306,"column":4}}},"23":{"name":"getConfirmationCount","line":314,"loc":{"start":{"line":314,"column":4},"end":{"line":322,"column":4}}},"24":{"name":"getTransactionCount","line":328,"loc":{"start":{"line":328,"column":4},"end":{"line":337,"column":4}}},"25":{"name":"getOwners","line":341,"loc":{"start":{"line":341,"column":4},"end":{"line":347,"column":4}}},"26":{"name":"getConfirmations","line":352,"loc":{"start":{"line":352,"column":4},"end":{"line":368,"column":4}}},"27":{"name":"getTransactionIds","line":376,"loc":{"start":{"line":376,"column":4},"end":{"line":394,"column":4}}}},"statementMap":{"1":{"start":{"line":47,"column":8},"end":{"line":47,"column":43}},"2":{"start":{"line":52,"column":8},"end":{"line":52,"column":31}},"3":{"start":{"line":57,"column":8},"end":{"line":57,"column":30}},"4":{"start":{"line":62,"column":8},"end":{"line":62,"column":69}},"5":{"start":{"line":67,"column":8},"end":{"line":67,"column":51}},"6":{"start":{"line":72,"column":8},"end":{"line":72,"column":52}},"7":{"start":{"line":77,"column":8},"end":{"line":77,"column":53}},"8":{"start":{"line":82,"column":8},"end":{"line":82,"column":38}},"9":{"start":{"line":87,"column":8},"end":{"line":87,"column":2295}},"10":{"start":{"line":99,"column":8},"end":{"line":99,"column":2588}},"11":{"start":{"line":100,"column":12},"end":{"line":100,"column":47}},"12":{"start":{"line":113,"column":8},"end":{"line":113,"column":3000}},"13":{"start":{"line":114,"column":12},"end":{"line":114,"column":68}},"14":{"start":{"line":115,"column":12},"end":{"line":115,"column":37}},"15":{"start":{"line":117,"column":8},"end":{"line":117,"column":23}},"16":{"start":{"line":118,"column":8},"end":{"line":118,"column":27}},"17":{"start":{"line":130,"column":8},"end":{"line":130,"column":28}},"18":{"start":{"line":131,"column":8},"end":{"line":131,"column":25}},"19":{"start":{"line":132,"column":8},"end":{"line":132,"column":33}},"20":{"start":{"line":142,"column":8},"end":{"line":142,"column":29}},"21":{"start":{"line":143,"column":8},"end":{"line":143,"column":3901}},"22":{"start":{"line":144,"column":12},"end":{"line":144,"column":3954}},"23":{"start":{"line":145,"column":16},"end":{"line":145,"column":52}},"24":{"start":{"line":148,"column":8},"end":{"line":148,"column":19}},"25":{"start":{"line":149,"column":8},"end":{"line":149,"column":4134}},"26":{"start":{"line":150,"column":12},"end":{"line":150,"column":43}},"27":{"start":{"line":151,"column":8},"end":{"line":151,"column":32}},"28":{"start":{"line":163,"column":8},"end":{"line":163,"column":4585}},"29":{"start":{"line":164,"column":12},"end":{"line":164,"column":4634}},"30":{"start":{"line":165,"column":16},"end":{"line":165,"column":35}},"31":{"start":{"line":168,"column":8},"end":{"line":168,"column":29}},"32":{"start":{"line":169,"column":8},"end":{"line":169,"column":31}},"33":{"start":{"line":170,"column":8},"end":{"line":170,"column":32}},"34":{"start":{"line":171,"column":8},"end":{"line":171,"column":36}},"35":{"start":{"line":181,"column":8},"end":{"line":181,"column":27}},"36":{"start":{"line":182,"column":8},"end":{"line":182,"column":41}},"37":{"start":{"line":194,"column":8},"end":{"line":194,"column":63}},"38":{"start":{"line":195,"column":8},"end":{"line":195,"column":40}},"39":{"start":{"line":207,"column":8},"end":{"line":207,"column":54}},"40":{"start":{"line":208,"column":8},"end":{"line":208,"column":52}},"41":{"start":{"line":209,"column":8},"end":{"line":209,"column":40}},"42":{"start":{"line":220,"column":8},"end":{"line":220,"column":55}},"43":{"start":{"line":221,"column":8},"end":{"line":221,"column":50}},"44":{"start":{"line":233,"column":8},"end":{"line":233,"column":6991}},"45":{"start":{"line":234,"column":12},"end":{"line":234,"column":65}},"46":{"start":{"line":235,"column":12},"end":{"line":235,"column":30}},"47":{"start":{"line":236,"column":12},"end":{"line":236,"column":7141}},"48":{"start":{"line":237,"column":16},"end":{"line":237,"column":39}},"49":{"start":{"line":239,"column":16},"end":{"line":239,"column":46}},"50":{"start":{"line":240,"column":16},"end":{"line":240,"column":35}},"51":{"start":{"line":248,"column":8},"end":{"line":248,"column":19}},"52":{"start":{"line":264,"column":8},"end":{"line":264,"column":21}},"53":{"start":{"line":275,"column":8},"end":{"line":275,"column":22}},"54":{"start":{"line":276,"column":8},"end":{"line":276,"column":8958}},"55":{"start":{"line":277,"column":12},"end":{"line":277,"column":9027}},"56":{"start":{"line":278,"column":16},"end":{"line":278,"column":25}},"57":{"start":{"line":279,"column":12},"end":{"line":279,"column":9113}},"58":{"start":{"line":280,"column":16},"end":{"line":280,"column":27}},"59":{"start":{"line":297,"column":8},"end":{"line":297,"column":39}},"60":{"start":{"line":298,"column":8},"end":{"line":298,"column":9724}},"61":{"start":{"line":304,"column":8},"end":{"line":304,"column":28}},"62":{"start":{"line":305,"column":8},"end":{"line":305,"column":32}},"63":{"start":{"line":319,"column":8},"end":{"line":319,"column":10308}},"64":{"start":{"line":320,"column":12},"end":{"line":320,"column":10357}},"65":{"start":{"line":321,"column":16},"end":{"line":321,"column":25}},"66":{"start":{"line":333,"column":8},"end":{"line":333,"column":10832}},"67":{"start":{"line":334,"column":12},"end":{"line":334,"column":10884}},"68":{"start":{"line":336,"column":16},"end":{"line":336,"column":25}},"69":{"start":{"line":346,"column":8},"end":{"line":346,"column":21}},"70":{"start":{"line":357,"column":8},"end":{"line":357,"column":73}},"71":{"start":{"line":358,"column":8},"end":{"line":358,"column":22}},"72":{"start":{"line":359,"column":8},"end":{"line":359,"column":14}},"73":{"start":{"line":360,"column":8},"end":{"line":360,"column":11653}},"74":{"start":{"line":361,"column":12},"end":{"line":361,"column":11697}},"75":{"start":{"line":362,"column":16},"end":{"line":362,"column":51}},"76":{"start":{"line":363,"column":16},"end":{"line":363,"column":25}},"77":{"start":{"line":365,"column":8},"end":{"line":365,"column":44}},"78":{"start":{"line":366,"column":8},"end":{"line":366,"column":11935}},"79":{"start":{"line":367,"column":12},"end":{"line":367,"column":51}},"80":{"start":{"line":381,"column":8},"end":{"line":381,"column":71}},"81":{"start":{"line":382,"column":8},"end":{"line":382,"column":22}},"82":{"start":{"line":383,"column":8},"end":{"line":383,"column":14}},"83":{"start":{"line":384,"column":8},"end":{"line":384,"column":12622}},"84":{"start":{"line":385,"column":12},"end":{"line":385,"column":12669}},"85":{"start":{"line":388,"column":16},"end":{"line":388,"column":44}},"86":{"start":{"line":389,"column":16},"end":{"line":389,"column":25}},"87":{"start":{"line":391,"column":8},"end":{"line":391,"column":46}},"88":{"start":{"line":392,"column":8},"end":{"line":392,"column":12979}},"89":{"start":{"line":393,"column":12},"end":{"line":393,"column":60}}},"branchMap":{"1":{"line":47,"type":"if","locations":[{"start":{"line":47,"column":8},"end":{"line":47,"column":8}},{"start":{"line":47,"column":8},"end":{"line":47,"column":8}}]},"2":{"line":52,"type":"if","locations":[{"start":{"line":52,"column":8},"end":{"line":52,"column":8}},{"start":{"line":52,"column":8},"end":{"line":52,"column":8}}]},"3":{"line":57,"type":"if","locations":[{"start":{"line":57,"column":8},"end":{"line":57,"column":8}},{"start":{"line":57,"column":8},"end":{"line":57,"column":8}}]},"4":{"line":62,"type":"if","locations":[{"start":{"line":62,"column":8},"end":{"line":62,"column":8}},{"start":{"line":62,"column":8},"end":{"line":62,"column":8}}]},"5":{"line":67,"type":"if","locations":[{"start":{"line":67,"column":8},"end":{"line":67,"column":8}},{"start":{"line":67,"column":8},"end":{"line":67,"column":8}}]},"6":{"line":72,"type":"if","locations":[{"start":{"line":72,"column":8},"end":{"line":72,"column":8}},{"start":{"line":72,"column":8},"end":{"line":72,"column":8}}]},"7":{"line":77,"type":"if","locations":[{"start":{"line":77,"column":8},"end":{"line":77,"column":8}},{"start":{"line":77,"column":8},"end":{"line":77,"column":8}}]},"8":{"line":82,"type":"if","locations":[{"start":{"line":82,"column":8},"end":{"line":82,"column":8}},{"start":{"line":82,"column":8},"end":{"line":82,"column":8}}]},"9":{"line":87,"type":"if","locations":[{"start":{"line":87,"column":8},"end":{"line":87,"column":8}},{"start":{"line":87,"column":8},"end":{"line":87,"column":8}}]},"10":{"line":99,"type":"if","locations":[{"start":{"line":99,"column":8},"end":{"line":99,"column":8}},{"start":{"line":99,"column":8},"end":{"line":99,"column":8}}]},"11":{"line":114,"type":"if","locations":[{"start":{"line":114,"column":12},"end":{"line":114,"column":12}},{"start":{"line":114,"column":12},"end":{"line":114,"column":12}}]},"12":{"line":144,"type":"if","locations":[{"start":{"line":144,"column":12},"end":{"line":144,"column":12}},{"start":{"line":144,"column":12},"end":{"line":144,"column":12}}]},"13":{"line":149,"type":"if","locations":[{"start":{"line":149,"column":8},"end":{"line":149,"column":8}},{"start":{"line":149,"column":8},"end":{"line":149,"column":8}}]},"14":{"line":164,"type":"if","locations":[{"start":{"line":164,"column":12},"end":{"line":164,"column":12}},{"start":{"line":164,"column":12},"end":{"line":164,"column":12}}]},"15":{"line":233,"type":"if","locations":[{"start":{"line":233,"column":8},"end":{"line":233,"column":8}},{"start":{"line":233,"column":8},"end":{"line":233,"column":8}}]},"16":{"line":236,"type":"if","locations":[{"start":{"line":236,"column":12},"end":{"line":236,"column":12}},{"start":{"line":236,"column":12},"end":{"line":236,"column":12}}]},"17":{"line":277,"type":"if","locations":[{"start":{"line":277,"column":12},"end":{"line":277,"column":12}},{"start":{"line":277,"column":12},"end":{"line":277,"column":12}}]},"18":{"line":279,"type":"if","locations":[{"start":{"line":279,"column":12},"end":{"line":279,"column":12}},{"start":{"line":279,"column":12},"end":{"line":279,"column":12}}]},"19":{"line":320,"type":"if","locations":[{"start":{"line":320,"column":12},"end":{"line":320,"column":12}},{"start":{"line":320,"column":12},"end":{"line":320,"column":12}}]},"20":{"line":334,"type":"if","locations":[{"start":{"line":334,"column":12},"end":{"line":334,"column":12}},{"start":{"line":334,"column":12},"end":{"line":334,"column":12}}]},"21":{"line":361,"type":"if","locations":[{"start":{"line":361,"column":12},"end":{"line":361,"column":12}},{"start":{"line":361,"column":12},"end":{"line":361,"column":12}}]},"22":{"line":385,"type":"if","locations":[{"start":{"line":385,"column":12},"end":{"line":385,"column":12}},{"start":{"line":385,"column":12},"end":{"line":385,"column":12}}]}}},"contracts/MultiSigWalletWithTimelock.sol":{"l":{"41":0,"45":0,"49":0,"53":0,"68":0,"77":0,"78":0,"90":0,"92":0,"93":0,"95":0,"96":0,"109":0,"110":0,"111":0,"112":0,"114":0,"115":0,"123":0,"124":0},"path":"/Users/patrickmckelvy/code/defi/os/alchemix/alchemix-protocol/contracts/MultiSigWalletWithTimelock.sol","s":{"1":0,"2":0,"3":0,"4":0,"5":0,"6":0,"7":0,"8":0,"9":0,"10":0,"11":0,"12":0,"13":0,"14":0,"15":0,"16":0,"17":0,"18":0},"b":{"1":[0,0],"2":[0,0],"3":[0,0],"4":[0,0]},"f":{"1":0,"2":0,"3":0,"4":0,"5":0,"6":0,"7":0},"fnMap":{"1":{"name":"fullyConfirmed","line":40,"loc":{"start":{"line":40,"column":4},"end":{"line":46,"column":4}}},"2":{"name":"pastTimeLock","line":48,"loc":{"start":{"line":48,"column":4},"end":{"line":54,"column":4}}},"3":{"name":"constructor","line":66,"loc":{"start":{"line":60,"column":4},"end":{"line":69,"column":4}}},"4":{"name":"changeTimeLock","line":75,"loc":{"start":{"line":73,"column":4},"end":{"line":79,"column":4}}},"5":{"name":"confirmTransaction","line":88,"loc":{"start":{"line":83,"column":4},"end":{"line":98,"column":4}}},"6":{"name":"executeTransaction","line":107,"loc":{"start":{"line":102,"column":4},"end":{"line":117,"column":4}}},"7":{"name":"_setConfirmationTime","line":120,"loc":{"start":{"line":120,"column":4},"end":{"line":125,"column":4}}}},"statementMap":{"1":{"start":{"line":41,"column":8},"end":{"line":41,"column":1308}},"2":{"start":{"line":49,"column":8},"end":{"line":49,"column":1482}},"3":{"start":{"line":68,"column":8},"end":{"line":68,"column":45}},"4":{"start":{"line":77,"column":8},"end":{"line":77,"column":45}},"5":{"start":{"line":78,"column":8},"end":{"line":78,"column":47}},"6":{"start":{"line":90,"column":8},"end":{"line":90,"column":78}},"7":{"start":{"line":92,"column":8},"end":{"line":92,"column":54}},"8":{"start":{"line":93,"column":8},"end":{"line":93,"column":52}},"9":{"start":{"line":95,"column":8},"end":{"line":95,"column":3134}},"10":{"start":{"line":96,"column":12},"end":{"line":96,"column":63}},"11":{"start":{"line":109,"column":8},"end":{"line":109,"column":61}},"12":{"
[...]
},"88":{"start":{"line":411,"column":4},"end":{"line":411,"column":57}}},"branchMap":{"1":{"line":111,"type":"if","locations":[{"start":{"line":111,"column":4},"end":{"line":111,"column":4}},{"start":{"line":111,"column":4},"end":{"line":111,"column":4}}]},"2":{"line":119,"type":"if","locations":[{"start":{"line":119,"column":4},"end":{"line":119,"column":4}},{"start":{"line":119,"column":4},"end":{"line":119,"column":4}}]},"3":{"line":129,"type":"if","locations":[{"start":{"line":129,"column":4},"end":{"line":129,"column":4}},{"start":{"line":129,"column":4},"end":{"line":129,"column":4}}]},"4":{"line":136,"type":"if","locations":[{"start":{"line":136,"column":4},"end":{"line":136,"column":4}},{"start":{"line":136,"column":4},"end":{"line":136,"column":4}}]},"5":{"line":165,"type":"if","locations":[{"start":{"line":165,"column":4},"end":{"line":165,"column":4}},{"start":{"line":165,"column":4},"end":{"line":165,"column":4}}]},"6":{"line":188,"type":"if","locations":[{"start":{"line":188,"column":4},"end":{"line":188,"column":4}},{"start":{"line":188,"column":4},"end":{"line":188,"column":4}}]},"7":{"line":197,"type":"if","locations":[{"start":{"line":197,"column":6},"end":{"line":197,"column":6}},{"start":{"line":197,"column":6},"end":{"line":197,"column":6}}]}}},"contracts/TimeToken.sol":{"l":{"25":0,"26":0,"27":0,"28":0,"33":0,"34":0,"44":0},"path":"/Users/patrickmckelvy/code/defi/os/alchemix/alchemix-protocol/contracts/TimeToken.sol","s":{"1":0,"2":0,"3":0,"4":0,"5":0,"6":0},"b":{"1":[0,0]},"f":{"1":0,"2":0,"3":0},"fnMap":{"1":{"name":"constructor","line":24,"loc":{"start":{"line":24,"column":2},"end":{"line":29,"column":2}}},"2":{"name":"onlyMinter","line":32,"loc":{"start":{"line":32,"column":2},"end":{"line":35,"column":2}}},"3":{"name":"mint","line":43,"loc":{"start":{"line":43,"column":2},"end":{"line":45,"column":2}}}},"statementMap":{"1":{"start":{"line":25,"column":4},"end":{"line":25,"column":37}},"2":{"start":{"line":26,"column":4},"end":{"line":26,"column":38}},"3":{"start":{"line":27,"column":4},"end":{"line":27,"column":41}},"4":{"start":{"line":28,"column":4},"end":{"line":28,"column":40}},"5":{"start":{"line":33,"column":4},"end":{"line":33,"column":70}},"6":{"start":{"line":44,"column":4},"end":{"line":44,"column":29}}},"branchMap":{"1":{"line":33,"type":"if","locations":[{"start":{"line":33,"column":4},"end":{"line":33,"column":4}},{"start":{"line":33,"column":4},"end":{"line":33,"column":4}}]}}},"contracts/Transmuter.sol":{"l":{"99":228,"100":228,"101":228,"102":228,"103":228,"108":111,"109":111,"114":93,"115":93,"116":22,"117":22,"119":93,"120":93,"124":60,"125":58,"126":58,"127":58,"129":60,"134":114,"135":114,"136":114,"137":114,"140":114,"145":20,"148":20,"149":7,"153":13,"155":13,"160":20,"163":20,"166":20,"171":114,"172":114,"177":37,"178":36,"185":122,"186":122,"193":46,"194":46,"201":8,"202":8,"203":8,"204":8,"205":8,"215":10,"216":10,"217":9,"218":9,"219":9,"231":60,"233":60,"234":60,"235":60,"243":13,"244":13,"245":13,"247":13,"249":13,"252":13,"253":1,"256":1,"260":13,"263":13,"266":13,"269":13,"272":13,"289":5,"290":5,"292":5,"298":4,"301":4,"304":4,"307":4,"310":4,"313":4,"316":4,"319":4,"322":4,"323":4,"324":4,"325":4,"333":3,"334":3,"335":3,"342":3,"343":3,"350":4,"351":4,"352":4,"353":4,"364":36,"365":36,"372":33,"373":21,"376":21,"378":12,"400":17,"401":17,"402":17,"403":0,"405":17,"406":17,"407":17,"408":17,"426":1,"427":1,"428":1,"429":1,"430":1,"431":1,"432":1,"433":0,"435":1,"436":1,"437":1,"438":1,"439":1,"440":1,"442":1,"454":3,"455":3,"456":3,"467":0,"469":0,"471":0,"478":0,"479":0,"480":0,"482":0,"491":76},"path":"/Users/patrickmckelvy/code/defi/os/alchemix/alchemix-protocol/contracts/Transmuter.sol","s":{"1":228,"2":228,"3":228,"4":228,"5":228,"6":111,"7":111,"8":93,"9":93,"10":22,"11":22,"12":93,"13":60,"14":58,"15":58,"16":114,"17":114,"18":114,"19":114,"20":114,"21":20,"22":20,"23":7,"24":13,"25":13,"26":20,"27":20,"28":20,"29":114,"30":37,"31":122,"32":46,"33":46,"34":8,"35":8,"36":8,"37":8,"38":8,"39":10,"40":10,"41":9,"42":9,"43":9,"44":60,"45":60,"46":60,"47":60,"48":13,"49":13,"50":13,"51":13,"52":13,"53":13,"54":1,"55":1,"56":13,"57":13,"58":13,"59":13,"60":13,"61":5,"62":5,"63":5,"64":4,"65":4,"66":4,"67":4,"68":4,"69":4,"70":4,"71":4,"72":4,"73":4,"74":4,"75":4,"76":3,"77":3,"78":3,"79":3,"80":3,"81":4,"82":4,"83":4,"84":4,"85":36,"86":36,"87":33,"88":21,"89":21,"90":12,"91":17,"92":17,"93":17,"94":0,"95":17,"96":17,"97":17,"98":17,"99":1,"100":1,"101":1,"102":1,"103":1,"104":1,"105":1,"106":0,"107":1,"108":1,"109":1,"110":1,"111":1,"112":1,"113":1,"114":3,"115":3,"116":3,"117":0,"118":0,"119":0,"120":0,"121":0,"122":0,"123":0,"124":76},"b":{"1":[228,0],"2":[22,71],"3":[58,2],"4":[20,94],"5":[7,13],"6":[13,0],"7":[20,0],"8":[36,1],"9":[122,0],"10":[8,0],"11":[9,1],"12":[13,0],"13":[1,12],"14":[4,1],"15":[4,0],"16":[21,12],"17":[0,17],"18":[0,1],"19":[0,0],"20":[0,0]},"f":{"1":228,"2":111,"3":93,"4":60,"5":114,"6":37,"7":122,"8":46,"9":8,"10":10,"11":60,"12":13,"13":5,"14":3,"15":3,"16":4,"17":36,"18":33,"19":17,"20":1,"21":3,"22":0,"23":0,"24":76},"fnMap":{"1":{"name":"constructor","line":98,"loc":{"start":{"line":98,"column":4},"end":{"line":104,"column":4}}},"2":{"name":"dividendsOwing","line":107,"loc":{"start":{"line":107,"column":4},"end":{"line":110,"column":4}}},"3":{"name":"updateAccount","line":113,"loc":{"start":{"line":113,"column":4},"end":{"line":121,"column":4}}},"4":{"name":"checkIfNewUser","line":123,"loc":{"start":{"line":123,"column":4},"end":{"line":130,"column":4}}},"5":{"name":"runPhasedDistribution","line":133,"loc":{"start":{"line":133,"column":4},"end":{"line":173,"column":4}}},"6":{"name":"onlyWhitelisted","line":176,"loc":{"start":{"line":176,"column":4},"end":{"line":179,"column":4}}},"7":{"name":"onlyGov","line":184,"loc":{"start":{"line":184,"column":4},"end":{"line":187,"column":4}}},"8":{"name":"setTransmutationPeriod","line":192,"loc":{"start":{"line":192,"column":4},"end":{"line":195,"column":4}}},"9":{"name":"claim","line":200,"loc":{"start":{"line":200,"column":4},"end":{"line":206,"column":4}}},"10":{"name":"unstake","line":213,"loc":{"start":{"line":213,"column":4},"end":{"line":220,"column":4}}},"11":{"name":"stake","line":228,"loc":{"start":{"line":224,"column":4},"end":{"line":236,"column":4}}},"12":{"name":"transmute","line":242,"loc":{"start":{"line":242,"column":4},"end":{"line":273,"column":4}}},"13":{"name":"forceTransmute","line":286,"loc":{"start":{"line":282,"column":4},"end":{"line":327,"column":4}}},"14":{"name":"exit","line":332,"loc":{"start":{"line":332,"column":4},"end":{"line":336,"column":4}}},"15":{"name":"transmuteAndClaim","line":341,"loc":{"start":{"line":341,"column":4},"end":{"line":344,"column":4}}},"16":{"name":"transmuteClaimAndWithdraw","line":349,"loc":{"start":{"line":349,"column":4},"end":{"line":354,"column":4}}},"17":{"name":"distribute","line":363,"loc":{"start":{"line":363,"column":4},"end":{"line":366,"column":4}}},"18":{"name":"increaseAllocations","line":371,"loc":{"start":{"line":371,"column":4},"end":{"line":380,"column":4}}},"19":{"name":"userInfo","line":390,"loc":{"start":{"line":390,"column":4},"end":{"line":409,"column":4}}},"20":{"name":"getMultipleUserInfo","line":421,"loc":{"start":{"line":421,"column":4},"end":{"line":443,"column":4}}},"21":{"name":"bufferInfo","line":453,"loc":{"start":{"line":453,"column":4},"end":{"line":457,"column":4}}},"22":{"name":"setPendingGovernance","line":466,"loc":{"start":{"line":466,"column":4},"end":{"line":472,"column":4}}},"23":{"name":"acceptGovernance","line":477,"loc":{"start":{"line":477,"column":4},"end":{"line":483,"column":4}}},"24":{"name":"setWhitelist","line":490,"loc":{"start":{"line":490,"column":4},"end":{"line":492,"column":4}}}},"statementMap":{"1":{"start":{"line":99,"column":8},"end":{"line":99,"column":64}},"2":{"start":{"line":100,"column":8},"end":{"line":100,"column":31}},"3":{"start":{"line":101,"column":8},"end":{"line":101,"column":25}},"4":{"start":{"line":102,"column":8},"end":{"line":102,"column":21}},"5":{"start":{"line":103,"column":8},"end":{"line":103,"column":32}},"6":{"start":{"line":108,"column":8},"end":{"line":108,"column":88}},"7":{"start":{"line":109,"column":8},"end":{"line":109,"column":85}},"8":{"start":{"line":114,"column":8},"end":{"line":114,"column":47}},"9":{"start":{"line":115,"column":8},"end":{"line":115,"column":5012}},"10":{"start":{"line":116,"column":12},"end":{"line":116,"column":61}},"11":{"start":{"line":117,"column":12},"end":{"line":117,"column":71}},"12":{"start":{"line":119,"column":8},"end":{"line":119,"column":56}},"13":{"start":{"line":124,"column":8},"end":{"line":124,"column":5409}},"14":{"start":{"line":125,"column":12},"end":{"line":125,"column":42}},"15":{"start":{"line":126,"column":12},"end":{"line":126,"column":41}},"16":{"start":{"line":134,"column":8},"end":{"line":134,"column":52}},"17":{"start":{"line":135,"column":8},"end":{"line":135,"column":44}},"18":{"start":{"line":136,"column":8},"end":{"line":136,"column":33}},"19":{"start":{"line":137,"column":8},"end":{"line":137,"column":32}},"20":{"start":{"line":140,"column":8},"end":{"line":140,"column":5911}},"21":{"start":{"line":145,"column":12},"end":{"line":145,"column":68}},"22":{"start":{"line":148,"column":12},"end":{"line":148,"column":6254}},"23":{"start":{"line":149,"column":16},"end":{"line":149,"column":38}},"24":{"start":{"line":153,"column":16},"end":{"line":153,"column":6447}},"25":{"start":{"line":155,"column":20},"end":{"line":155,"column":83}},"26":{"start":{"line":160,"column":12},"end":{"line":160,"column":6702}},"27":{"start":{"line":163,"column":16},"end":{"line":163,"column":50}},"28":{"start":{"line":166,"column":16},"end":{"line":166,"column":49}},"29":{"start":{"line":171,"column":8},"end":{"line":171,"column":39}},"30":{"start":{"line":177,"column":8},"end":{"line":177,"column":65}},"31":{"start":{"line":185,"column":8},"end":{"line":185,"column":67}},"32":{"start":{"line":193,"column":8},"end":{"line":193,"column":52}},"33":{"start":{"line":194,"column":8},"end":{"line":194,"column":58}},"34":{"start":{"line":201,"column":8},"end":{"line":201,"column":35}},"35":{"start":{"line":202,"column":8},"end":{"line":202,"column":42}},"36":{"start":{"line":203,"column":8},"end":{"line":203,"column":46}},"37":{"start":{"line":204,"column":8},"end":{"line":204,"column":33}},"38":{"start":{"line":205,"column":8},"end":{"line":205,"column":56}},"39":{"start":{"line":215,"column":8},"end":{"line":215,"column":35}},"40":{"start":{"line":216,"column":8},"end":{"line":216,"column":105}},"41":{"start":{"line":217,"column":8},"end":{"line":217,"column":72}},"42":{"start":{"line":218,"column":8},"end":{"line":218,"column":60}},"43":{"start":{"line":219,"column":8},"end":{"line":219,"column":59}},"44":{"start":{"line":231,"column":8},"end":{"line":231,"column":35}},"45":{"start":{"line":233,"column":8},"end":{"line":233,"column":78}},"46":{"start":{"line":234,"column":8},"end":{"line":234,"column":60}},"47":{"start":{"line":235,"column":8},"end":{"line":235,"column":72}},"48":{"start":{"line":243,"column":8},"end":{"line":243,"column":35}},"49":{"start":{"line":244,"column":8},"end":{"line":244,"column":49}},"50":{"start":{"line":245,"column":8},"end":{"line":245,"column":20}},"51":{"start":{"line":247,"column":8},"end":{"line":247,"column":62}},"52":{"start":{"line":249,"column":8},"end":{"line":249,"column":33}},"53":{"start":{"line":252,"column":8},"end":{"line":252,"column":10178}},"54":{"start":{"line":253,"column":12},"end":{"line":253,"column":57}},"55":{"start":{"line":256,"column":12},"end":{"line":256,"column":47}},"56":{"start":{"line":260,"column":8},"end":{"line":260,"column":74}},"57":{"start":{"line":263,"column":8},"end":{"line":263,"column":45}},"58":{"start":{"line":266,"column":8},"end":{"line":266,"column":62}},"59":{"start":{"line":269,"column":8},"end":{"line":269,"column":32}},"60":{"start":{"line":272,"column":8},"end":{"line":272,"column":68}},"61":{"start":{"line":289,"column":8},"end":{"line":289,"column":35}},"62":{"start":{"line":290,"column":8},"end":{"line":290,"column":54}},"63":{"start":{"line":292,"column":8},"end":{"line":292,"column":11594}},"64":{"start":{"line":298,"column":8},"end":{"line":298,"column":38}},"65":{"start":{"line":301,"column":8},"end":{"line":301,"column":67}},"66":{"start":{"line":304,"column":8},"end":{"line":304,"column":48}},"67":{"start":{"line":307,"column":8},"end":{"line":307,"column":41}},"68":{"start":{"line":310,"column":8},"end":{"line":310,"column":45}},"69":{"start":{"line":313,"column":8},"end":{"line":313,"column":62}},"70":{"start":{"line":316,"column":8},"end":{"line":316,"column":64}},"71":{"start":{"line":319,"column":8},"end":{"line":319,"column":78}},"72":{"start":{"line":322,"column":8},"end":{"line":322,"column":12472}},"73":{"start":{"line":323,"column":12},"end":{"line":323,"column":55}},"74":{"start":{"line":324,"column":12},"end":{"line":324,"column":42}},"75":{"start":{"line":325,"column":12},"end":{"line":325,"column":65}},"76":{"start":{"line":333,"column":8},"end":{"line":333,"column":18}},"77":{"start":{"line":334,"column":8},"end":{"line":334,"column":58}},"78":{"start":{"line":335,"column":8},"end":{"line":335,"column":26}},"79":{"start":{"line":342,"column":8},"end":{"line":342,"column":18}},"80":{"start":{"line":343,"column":8},"end":{"line":343,"column":14}},"81":{"start":{"line":350,"column":8},"end":{"line":350,"column":18}},"82":{"start":{"line":351,"column":8},"end":{"line":351,"column":14}},"83":{"start":{"line":352,"column":8},"end":{"line":352,"column":58}},"84":{"start":{"line":353,"column":8},"end":{"line":353,"column":26}},"85":{"start":{"line":364,"column":8},"end":{"line":364,"column":76}},"86":{"start":{"line":365,"column":8},"end":{"line":365,"column":34}},"87":{"start":{"line":372,"column":8},"end":{"line":372,"column":14573}},"88":{"start":{"line":373,"column":12},"end":{"line":373,"column":14633}},"89":{"start":{"line":376,"column":12},"end":{"line":376,"column":62}},"90":{"start":{"line":378,"column":12},"end":{"line":378,"column":38}},"91":{"start":{"line":400,"column":8},"end":{"line":400,"column":54}},"92":{"start":{"line":401,"column":8},"end":{"line":401,"column":104}},"93":{"start":{"line":402,"column":8},"end":{"line":402,"column":15557}},"94":{"start":{"line":403,"column":12},"end":{"line":403,"column":33}},"95":{"start":{"line":405,"column":8},"end":{"line":405,"column":98}},"96":{"start":{"line":406,"column":8},"end":{"line":406,"column":74}},"97":{"start":{"line":407,"column":8},"end":{"line":407,"column":48}},"98":{"start":{"line":408,"column":8},"end":{"line":408,"column":65}},"99":{"start":{"line":426,"column":8},"end":{"line":426,"column":24}},"100":{"start":{"line":427,"column":8},"end":{"line":427,"column":33}},"101":{"start":{"line":428,"column":8},"end":{"line":428,"column":60}},"102":{"start":{"line":429,"column":8},"end":{"line":429,"column":64}},"103":{"start":{"line":430,"column":8},"end":{"line":430,"column":21}},"104":{"start":{"line":431,"column":8},"end":{"line":431,"column":104}},"105":{"start":{"line":432,"column":8},"end":{"line":432,"column":16916}},"106":{"start":{"line":433,"column":12},"end":{"line":433,"column":33}},"107":{"start":{"line":435,"column":8},"end":{"line":435,"column":17033}},"108":{"start":{"line":436,"column":12},"end":{"line":436,"column":40}},"109":{"start":{"line":437,"column":12},"end":{"line":437,"column":59}},"110":{"start":{"line":438,"column":12},"end":{"line":438,"column":173}},"111":{"start":{"line":439,"column":12},"end":{"line":439,"column":17}},"112":{"start":{"line":440,"column":12},"end":{"line":440,"column":17}},"113":{"start":{"line":442,"column":8},"end":{"line":442,"column":43}},"114":{"start":{"line":454,"column":8},"end":{"line":454,"column":56}},"115":{"start":{"line":455,"column":8},"end":{"line":455,"column":23}},"116":{"start":{"line":456,"column":8},"end":{"line":456,"column":74}},"117":{"start":{"line":467,"column":8},"end":{"line":467,"column":71}},"118":{"start":{"line":469,"column":8},"end":{"line":469,"column":45}},"119":{"start":{"line":471,"column":8},"end":{"line":471,"column":57}},"120":{"start":{"line":478,"column":8},"end":{"line":478,"column":68}},"121":{"start":{"line":479,"column":8},"end":{"line":479,"column":54}},"122":{"start":{"line":480,"column":8},"end":{"line":480,"column":38}},"123":{"start":{"line":482,"column":8},"end":{"line":482,"column":50}},"124":{"start":{"line":491,"column":8},"end":{"line":491,"column":39}}},"branchMap":{"1":{"line":99,"type":"if","locations":[{"start":{"line":99,"column":8},"end":{"line":99,"column":8}},{"start":{"line":99,"column":8},"end":{"line":99,"column":8}}]},"2":{"line":115,"type":"if","locations":[{"start":{"line":115,"column":8},"end":{"line":115,"column":8}},{"start":{"line":115,"column":8},"end":{"line":115,"column":8}}]},"3":{"line":124,"type":"if","locations":[{"start":{"line":124,"column":8},"end":{"line":124,"column":8}},{"start":{"line":124,"column":8},"end":{"line":124,"column":8}}]},"4":{"line":140,"type":"if","locations":[{"start":{"line":140,"column":8},"end":{"line":140,"column":8}},{"start":{"line":140,"column":8},"end":{"line":140,"column":8}}]},"5":{"line":148,"type":"if","locations":[{"start":{"line":148,"column":12},"end":{"line":148,"column":12}},{"start":{"line":148,"column":12},"end":{"line":148,"column":12}}]},"6":{"line":153,"type":"if","locations":[{"start":{"line":153,"column":16},"end":{"line":153,"column":16}},{"start":{"line":153,"column":16},"end":{"line":153,"column":16}}]},"7":{"line":160,"type":"if","locations":[{"start":{"line":160,"column":12},"end":{"line":160,"column":12}},{"start":{"line":160,"column":12},"end":{"line":160,"column":12}}]},"8":{"line":177,"type":"if","locations":[{"start":{"line":177,"column":8},"end":{"line":177,"column":8}},{"start":{"line":177,"column":8},"end":{"line":177,"column":8}}]},"9":{"line":185,"type":"if","locations":[{"start":{"line":185,"column":8},"end":{"line":185,"column":8}},{"start":{"line":185,"column":8},"end":{"line":185,"column":8}}]},"10":{"line":202,"type":"if","locations":[{"start":{"line":202,"column":8},"end":{"line":202,"column":8}},{"start":{"line":202,"column":8},"end":{"line":202,"column":8}}]},"11":{"line":216,"type":"if","locations":[{"start":{"line":216,"column":8},"end":{"line":216,"column":8}},{"start":{"line":216,"column":8},"end":{"line":216,"column":8}}]},"12":{"line":247,"type":"if","locations":[{"start":{"line":247,"column":8},"end":{"line":247,"column":8}},{"start":{"line":247,"column":8},"end":{"line":247,"column":8}}]},"13":{"line":252,"type":"if","locations":[{"start":{"line":252,"column":8},"end":{"line":252,"column":8}},{"start":{"line":252,"column":8},"end":{"line":252,"column":8}}]},"14":{"line":292,"type":"if","locations":[{"start":{"line":292,"column":8},"end":{"line":292,"column":8}},{"start":{"line":292,"column":8},"end":{"line":292,"column":8}}]},"15":{"line":322,"type":"if","locations":[{"start":{"line":322,"column":8},"end":{"line":322,"column":8}},{"start":{"line":322,"column":8},"end":{"line":322,"column":8}}]},"16":{"line":372,"type":"if","locations":[{"start":{"line":372,"column":8},"end":{"line":372,"column":8}},{"start":{"line":372,"column":8},"end":{"line":372,"column":8}}]},"17":{"line":402,"type":"if","locations":[{"start":{"line":402,"column":8},"end":{"line":402,"column":8}},{"start":{"line":402,"column":8},"end":{"line":402,"column":8}}]},"18":{"line":432,"type":"if","locations":[{"start":{"line":432,"column":8},"end":{"line":432,"column":8}},{"start":{"line":432,"column":8},"end":{"line":432,"column":8}}]},"19":{"line":467,"type":"if","locations":[{"start":{"line":467,"column":8},"end":{"line":467,"column":8}},{"start":{"line":467,"column":8},"end":{"line":467,"column":8}}]},"20":{"line":478,"type":"if","locations":[{"start":{"line":478,"column":8},"end":{"line":478,"column":8}},{"start":{"line":478,"column":8},"end":{"line":478,"column":8}}]}}}}